
****************************************************************
****************************************************************
2023-03-15 09:47:10
N=64,m=64,k=[80.0]
gtol=1e-10,maxiter=50
q_method=T,maxq=0.1
noise_level=0.0
total_iter=50,t_avg=5.74
relative_model_error:
[1.0, 0.7782792710480757, 0.5716630137976851, 0.523675273369078, 0.4721062256925877, 0.2996228711742202, 0.23917059877282504, 0.22654621179858714, 0.19890447568218714, 0.15983486556262488, 0.11992243121628954, 0.11681039341533989, 0.11348367751212222, 0.10447947579508524, 0.09662074346783796, 0.09337715618716451, 0.09325378351391062, 0.09282018337109536, 0.09149326897399056, 0.09013255306300837, 0.09003494019995827, 0.08988887541015131, 0.08954141972602564, 0.0890916428127535, 0.08868194408480726, 0.08855099875077678, 0.08837691628037606, 0.08819411323001938, 0.08804030535515582, 0.08784488371864987, 0.08771562128814718, 0.08761904913017804, 0.0874360302903421, 0.08727753952493905, 0.08728956563241523, 0.08724209515888952, 0.08714944692916311, 0.08700109936620913, 0.08687532744856206, 0.08670881590233268, 0.08661007346560066, 0.08650491209435757, 0.08640041320656401, 0.086388310225185, 0.08635979930164664, 0.08631294883015393, 0.08623628849903402, 0.08619045075643329, 0.08614079372294728, 0.0861149066648358, 0.08607598621997416]
J(q0)=170.613
relative_data_error(J):
[1.0, 0.37763241956943494, 0.2382239336979011, 0.0877617766524239, 0.0633433560162473, 0.019888519632149954, 0.01294227286314642, 0.007308176985341093, 0.004637688804487348, 0.0026004993757802746, 0.0023634306881656145, 0.0007880114645425612, 0.0006050769870994591, 0.000350830241540797, 0.00018064743014893354, 0.00011669919642700147, 7.458341392508191e-05, 6.028614466658461e-05, 3.849097079355032e-05, 3.4110061953075086e-05, 1.9671947624155254e-05, 1.7039557360810724e-05, 1.3808678119486791e-05, 1.0431502874927467e-05, 8.052024171663355e-06, 6.789986695034962e-06, 5.688499704008487e-06, 4.937736280353783e-06, 4.2351872366115125e-06, 3.639447169910851e-06, 3.284228048272992e-06, 2.96336152579229e-06, 2.5830563907791317e-06, 2.4527615128976103e-06, 2.2278314079231945e-06, 2.0761430840557283e-06, 1.9420442756413636e-06, 1.737499487143418e-06, 1.6171745412131548e-06, 1.3800999923804164e-06, 1.2291501819908213e-06, 1.084044006025332e-06, 1.023855157578848e-06, 9.156981003792207e-07, 8.414892182893448e-07, 7.820857730653585e-07, 6.908031627132751e-07, 6.578689783310768e-07, 5.992450751115096e-07, 5.651790895183837e-07, 5.277827598131444e-07]
****************************************************************
****************************************************************
2023-03-15 09:52:12
N=64,m=64,k=[80.0]
gtol=1e-10,maxiter=50
q_method=T,maxq=0.1
noise_level=0.1
total_iter=50,t_avg=5.75
relative_model_error:
[1.0, 0.7782792453148691, 0.5720477436751826, 0.5242576311572377, 0.4731267114766689, 0.3057636698532666, 0.24964004786753652, 0.23758715464899133, 0.21340042522992086, 0.18197722876888808, 0.15385729811918347, 0.15165286972242323, 0.14927463361657525, 0.14419157372840044, 0.1418534720709231, 0.142372014329026, 0.14219975585451827, 0.1423125717734097, 0.1431777357323202, 0.1444477150920299, 0.14620176823657793, 0.1475604017509565, 0.15009009634351891, 0.1538465791734111, 0.15541012755542047, 0.15717798700082056, 0.15968932515459489, 0.1669140649431695, 0.17150094712103547, 0.17237923750551118, 0.1750259592508968, 0.1803057520136522, 0.18511912053756632, 0.19130867442019306, 0.19803055010535375, 0.19704471081480057, 0.19727520019241163, 0.199866849913764, 0.20574028696915583, 0.2180136050997864, 0.21680435047096344, 0.21704445961748978, 0.2196689025866227, 0.22627762495306436, 0.23166036692504752, 0.23458896450005348, 0.23881209745383078, 0.2444884546478599, 0.2499109850789321, 0.2533385052964078, 0.25754858776971734]
J(q0)=175.441
relative_data_error(J):
[1.0, 0.3949316294366767, 0.2597916108549313, 0.11249479882125615, 0.08858704635746491, 0.04580679544690238, 0.03904395209785626, 0.033382390661247936, 0.030722123106913433, 0.028665078288427445, 0.0281826368978745, 0.026746142577846684, 0.02655947013525915, 0.02628798285463489, 0.026123939102034303, 0.026021397506854158, 0.02598822396133173, 0.025960921335377706, 0.025928659777361047, 0.025912016005380727, 0.025892693270102195, 0.025882433410662275, 0.0258681836058846, 0.02585775274878734, 0.025846523902622532, 0.0258372900291266, 0.025828740146259993, 0.02581688430868497, 0.025804914472671723, 0.02579949954685621, 0.02579140565774249, 0.02578371076316255, 0.025775673873267933, 0.025767522984935103, 0.02576370403725469, 0.025757890116905397, 0.02575253219030899, 0.025747288262150808, 0.0257392513722562, 0.0257371424011491, 0.02572944750656916, 0.025727224537023842, 0.02572294959559054, 0.025718674654157236, 0.02571320272912261, 0.02571001077285241, 0.02570579283063822, 0.02570134689154759, 0.025695817967293845, 0.02569114403132677, 0.02568692608911258]
****************************************************************
****************************************************************
2023-03-15 09:56:59
N=64,m=64,k=[80.0]
gtol=1e-10,maxiter=50
q_method=T,maxq=0.1
noise_level=0.3
total_iter=50,t_avg=5.44
relative_model_error:
[1.0, 0.7783079249281428, 0.5731783660464661, 0.5255704921518674, 0.4763292368707849, 0.34143046347401546, 0.31198356627327267, 0.3014748907704445, 0.2937845554861114, 0.29611770338706705, 0.30122364306601856, 0.3166614635445645, 0.32224952462520967, 0.3314179495192989, 0.3426802928339309, 0.3446488827128531, 0.34900338526102986, 0.35647143162791983, 0.37737578906681135, 0.3909404218774524, 0.3918415412955643, 0.39675313936271184, 0.40881510427831863, 0.4395834160415816, 0.44319914830857626, 0.4445996985380993, 0.453407662939022, 0.47054165501674955, 0.4802919599527951, 0.4908205583295078, 0.5001274628832494, 0.5081609371945358, 0.5190479618561356, 0.5346796151522213, 0.5400459684781153, 0.5472929479557365, 0.559288457651244, 0.5828874627601929, 0.5865011354402503, 0.5890128134038669, 0.5961484084391712, 0.6104690215224875, 0.641179896013732, 0.6382830730460073, 0.6396591463527032, 0.6466269386561294, 0.6639058769743053, 0.6802577632042339, 0.6889914370443401, 0.7001351675808083, 0.7150935175853775]
J(q0)=213.748
relative_data_error(J):
[1.0, 0.502283062297659, 0.3885407114920374, 0.2676577090779797, 0.24694593633624642, 0.2094241817467298, 0.2025572169096319, 0.19726219660534836, 0.19432883582536445, 0.19237045492823326, 0.1912551228549507, 0.1901945281359358, 0.18978657110241967, 0.1893893744035032, 0.1891835245242061, 0.18903755824615903, 0.1889248086531804, 0.18882188371353184, 0.18868387072627582, 0.18855895727679323, 0.1885028164006213, 0.18843638303048452, 0.18835404307876566, 0.18832129423433203, 0.18820714111944908, 0.18817673147818928, 0.18812433332709547, 0.18807193517600168, 0.18802094054681215, 0.18797602784587458, 0.18794093979826712, 0.18789930198177293, 0.1878487751932182, 0.18781462282688027, 0.1877785990980033, 0.18774678593483915, 0.18771497277167506, 0.18769719482755395, 0.18765883189550311, 0.1876396504294777, 0.18761719407900895, 0.18758350955330577, 0.18756619944981942, 0.18753017572094244, 0.1875142691393604, 0.1874918127888916, 0.18746608155397948, 0.18743192918764154, 0.18741368340288564, 0.1873921627336864, 0.1873711099051219]
****************************************************************
****************************************************************
2023-03-15 10:01:46
N=64,m=64,k=[80.0]
gtol=1e-10,maxiter=50
q_method=T,maxq=0.1
noise_level=0.5
total_iter=50,t_avg=5.43
relative_model_error:
[1.0, 0.78081327024931, 0.5856295914769021, 0.539778571643979, 0.4954388077631687, 0.4094793230707771, 0.41885123925684664, 0.4151746863610713, 0.4304172722203325, 0.4566160405758291, 0.5144638837465684, 0.5205753748128652, 0.5191848616273185, 0.5332540891303909, 0.564418687233232, 0.5880471151882652, 0.6004237025908201, 0.6184556806788309, 0.6450806848947104, 0.6616139731085328, 0.673040823867404, 0.6835858909598136, 0.7103725668739507, 0.7567405880533793, 0.7513964465471284, 0.7533870332498741, 0.7698619222111979, 0.800808799850638, 0.8282039100361647, 0.8461607121930095, 0.8673681098627051, 0.8992064029975239, 0.9347968017281442, 0.9434598488235283, 0.9440699792415808, 0.9575228445109445, 0.9970713810978384, 1.0324117496201664, 1.045892159407099, 1.0648727710261527, 1.090778173400034, 1.1350750456272196, 1.1538296937430461, 1.161723200710415, 1.1861592912285372, 1.2194896751048676, 1.2487155373145884, 1.2654839567985527, 1.2886040239553336, 1.32633916600303, 1.3453833794501304]
J(q0)=291.36
relative_data_error(J):
[1.0, 0.6324135090609555, 0.5501956342668863, 0.45569055464030755, 0.43877677100494233, 0.4058450027457441, 0.3996121636463481, 0.3943025809994508, 0.3912239154310818, 0.3894151565074135, 0.3890479132344865, 0.38684445359692476, 0.38651153212520595, 0.3858834431630972, 0.385464717188358, 0.3850562877539813, 0.38484692476661175, 0.38461353651839647, 0.3843801482701812, 0.38416392092257, 0.38400947281713343, 0.38388248215266335, 0.38366968698517295, 0.3836182042833608, 0.38342943437671606, 0.3833676551345414, 0.3832406644700714, 0.38312397034596374, 0.3829798187808896, 0.3828974464579901, 0.38280134541460736, 0.3826880834706205, 0.3825782537067545, 0.3824924492037342, 0.3824135090609555, 0.38234486545853924, 0.3822419000549149, 0.38216982427237783, 0.3821080450302032, 0.3820359692476661, 0.38195702910488744, 0.38187122460186707, 0.38180258099945086, 0.3817408017572762, 0.3816549972542559, 0.38159665019220207, 0.3815177100494234, 0.38145936298736954, 0.38140444810543656, 0.38134610104338273, 0.38127059308072486]
