
****************************************************************
****************************************************************
2023-03-15 09:10:19
N=64,m=64,k=[80.0]
gtol=1e-10,maxiter=50
q_method=T,maxq=0.01
noise_level=0.0
total_iter=50,t_avg=5.71
relative_model_error:
[1.0, 0.6119251098638948, 0.4721387873176544, 0.2684136355964569, 0.19746317680877812, 0.15645757649049993, 0.1368004392962005, 0.11739351314296906, 0.10954149311384569, 0.10849699919504861, 0.10705509210479333, 0.10527722998662827, 0.10322315788252379, 0.10303308420227403, 0.1027587040224602, 0.10222302280910428, 0.10155504527205127, 0.1012597149592143, 0.10107480489659783, 0.10092252436187046, 0.1006794074083191, 0.10056413802590977, 0.10048332605384383, 0.1002854252395619, 0.0999260145121356, 0.09964142742197636, 0.09928777550340875, 0.09904217431653209, 0.09870254737781413, 0.09838816395125247, 0.09829937764812484, 0.09808930316992336, 0.09785330406857579, 0.09735460091023371, 0.09701668170309997, 0.0968714786113922, 0.0966944592792402, 0.09645407713673282, 0.09624461903304729, 0.09603571254226344, 0.09575803922000266, 0.09557284618053437, 0.09550499266821993, 0.09534870328753038, 0.09523525248869825, 0.09516150158180874, 0.09498585439390074, 0.09487056031061555, 0.09488107606974538, 0.0948526559353862, 0.09479858666161854]
J(q0)=21.4582
relative_data_error(J):
[1.0, 0.17160060023673934, 0.07875497478819285, 0.01342046397181497, 0.006065327007857136, 0.0023530212226561403, 0.0011718923302047701, 0.0004529918632504124, 0.00028875022136059874, 0.00012841291441034196, 8.518748077657957e-05, 5.6404078627284666e-05, 4.799097780801744e-05, 2.50549906329515e-05, 1.98341426587505e-05, 1.4366675676431387e-05, 8.951216784259629e-06, 7.200231147067321e-06, 5.964339972597888e-06, 5.276584242853547e-06, 4.768526717059213e-06, 4.359196018305356e-06, 4.1696088208703425e-06, 3.881159649924038e-06, 3.4808884249377857e-06, 3.296315627592249e-06, 2.9564641955056806e-06, 2.7459572564334378e-06, 2.5274347335750437e-06, 2.3669832511580655e-06, 2.236389818344502e-06, 2.0712687923497774e-06, 1.946910738086139e-06, 1.7490283434770855e-06, 1.6113700123961933e-06, 1.4789218107762998e-06, 1.352783551276435e-06, 1.2556598409931867e-06, 1.1509912294600665e-06, 1.0428274505783336e-06, 9.457177209644798e-07, 8.4799284189727e-07, 7.856017746129683e-07, 7.158009525496081e-07, 6.57077480869784e-07, 6.126422533110884e-07, 5.531684857070956e-07, 5.272529848729157e-07, 4.955308460169072e-07, 4.6288877911474396e-07, 4.3921903980762595e-07]
****************************************************************
****************************************************************
2023-03-15 09:15:06
N=64,m=64,k=[80.0]
gtol=1e-10,maxiter=50
q_method=T,maxq=0.1
noise_level=0.0
total_iter=50,t_avg=5.46
relative_model_error:
[1.0, 0.7782792710480757, 0.5716630137976851, 0.523675273369078, 0.4721062256925877, 0.2996228711742202, 0.23917059877282504, 0.22654621179858714, 0.19890447568218714, 0.15983486556262488, 0.11992243121628954, 0.11681039341533989, 0.11348367751212222, 0.10447947579508524, 0.09662074346783796, 0.09337715618716451, 0.09325378351391062, 0.09282018337109536, 0.09149326897399056, 0.09013255306300837, 0.09003494019995827, 0.08988887541015131, 0.08954141972602564, 0.0890916428127535, 0.08868194408480726, 0.08855099875077678, 0.08837691628037606, 0.08819411323001938, 0.08804030535515582, 0.08784488371864987, 0.08771562128814718, 0.08761904913017804, 0.0874360302903421, 0.08727753952493905, 0.08728956563241523, 0.08724209515888952, 0.08714944692916311, 0.08700109936620913, 0.08687532744856206, 0.08670881590233268, 0.08661007346560066, 0.08650491209435757, 0.08640041320656401, 0.086388310225185, 0.08635979930164664, 0.08631294883015393, 0.08623628849903402, 0.08619045075643329, 0.08614079372294728, 0.0861149066648358, 0.08607598621997416]
J(q0)=170.613
relative_data_error(J):
[1.0, 0.37763241956943494, 0.2382239336979011, 0.0877617766524239, 0.0633433560162473, 0.019888519632149954, 0.01294227286314642, 0.007308176985341093, 0.004637688804487348, 0.0026004993757802746, 0.0023634306881656145, 0.0007880114645425612, 0.0006050769870994591, 0.000350830241540797, 0.00018064743014893354, 0.00011669919642700147, 7.458341392508191e-05, 6.028614466658461e-05, 3.849097079355032e-05, 3.4110061953075086e-05, 1.9671947624155254e-05, 1.7039557360810724e-05, 1.3808678119486791e-05, 1.0431502874927467e-05, 8.052024171663355e-06, 6.789986695034962e-06, 5.688499704008487e-06, 4.937736280353783e-06, 4.2351872366115125e-06, 3.639447169910851e-06, 3.284228048272992e-06, 2.96336152579229e-06, 2.5830563907791317e-06, 2.4527615128976103e-06, 2.2278314079231945e-06, 2.0761430840557283e-06, 1.9420442756413636e-06, 1.737499487143418e-06, 1.6171745412131548e-06, 1.3800999923804164e-06, 1.2291501819908213e-06, 1.084044006025332e-06, 1.023855157578848e-06, 9.156981003792207e-07, 8.414892182893448e-07, 7.820857730653585e-07, 6.908031627132751e-07, 6.578689783310768e-07, 5.992450751115096e-07, 5.651790895183837e-07, 5.277827598131444e-07]
****************************************************************
****************************************************************
2023-03-15 09:19:51
N=64,m=64,k=[80.0]
gtol=1e-10,maxiter=50
q_method=T,maxq=0.3
noise_level=0.0
total_iter=50,t_avg=5.44
relative_model_error:
[1.0, 1.0002230868900461, 1.016080724168833, 1.0572755809690773, 1.1020562576678783, 1.2093367182693144, 1.1354313644085332, 1.1319118957873555, 1.1762413186037417, 1.2307730829459627, 1.2315887348469707, 1.230587933797319, 1.243612163948038, 1.2735337063540344, 1.277012040382523, 1.2843785254699571, 1.3051746224219043, 1.323398983730487, 1.32046468774075, 1.3262798788055423, 1.3311416492996102, 1.3409814224777135, 1.343632492828304, 1.3562916546110895, 1.366169426230372, 1.3933611723621566, 1.3871240152519655, 1.395476158050987, 1.3953016939823906, 1.4141691033925925, 1.4149595011004021, 1.4199844707066076, 1.4239994789122066, 1.4269423977806983, 1.4307163465511465, 1.4147751726291862, 1.4314432614301316, 1.431630620375629, 1.4332280284904373, 1.4385225168276872, 1.443220639322561, 1.456859879321998, 1.4602112575736186, 1.4660999960347276, 1.4762157014716966, 1.4750991492780972, 1.4911895330277642, 1.4997570173943569, 1.5078167075736937, 1.5196146240226134, 1.541669165719357]
J(q0)=174.425
relative_data_error(J):
[1.0, 0.7928622617170703, 0.6924179446753619, 0.6047928909273326, 0.5260644976350867, 0.4904262577038841, 0.3953945821986527, 0.3477999140031532, 0.294752472409345, 0.2626762218718647, 0.23250566145907983, 0.21767177870144758, 0.19662261717070376, 0.18015880751039126, 0.16792546939945535, 0.15949835172710333, 0.1475121112225885, 0.1412693134585065, 0.13485796187473126, 0.13046925612727533, 0.12523950121828864, 0.12276279203095886, 0.119936935645693, 0.11601834599398021, 0.11199254693994554, 0.10869542783431273, 0.1047470259423821, 0.10192288949405187, 0.09906779418088003, 0.09534585065214275, 0.09240074530600545, 0.08910706607424394, 0.08591830299555682, 0.08307238067937509, 0.08078027805647126, 0.0795660025799054, 0.07788619750609144, 0.07686971477712483, 0.07515379102766231, 0.0734092016626057, 0.07169671778701446, 0.06910993263580335, 0.0675505231474846, 0.06592403611867564, 0.06441909129998566, 0.06333667765515263, 0.06202436577325498, 0.060596818116669046, 0.05958090870001433, 0.05850537480292389, 0.057245520997563415]
****************************************************************
****************************************************************
2023-03-15 09:24:34
N=64,m=64,k=[80.0]
gtol=1e-10,maxiter=50
q_method=T,maxq=0.5
noise_level=0.0
total_iter=50,t_avg=5.38
relative_model_error:
[1.0, 0.9896502193264438, 1.001033062105484, 1.037942427888876, 1.0788581192321807, 1.107881893762576, 1.1052116616609635, 1.1092544804763205, 1.134574783738851, 1.135985932377904, 1.1373379165311206, 1.1517269862882034, 1.164729077543638, 1.1732468874347382, 1.1742149996213676, 1.1839052629764208, 1.1913971120160767, 1.2091366373560863, 1.2062381299953329, 1.2120188382061607, 1.2151093775402073, 1.2304437931017858, 1.2283041664676293, 1.2323306287677604, 1.237432577833712, 1.2439599722546113, 1.2494748560601474, 1.256182053520809, 1.264767719746767, 1.269790517640401, 1.2668235775939798, 1.2786782942824937, 1.2829377980985355, 1.2930063466571116, 1.3017826117401257, 1.3082657129460082, 1.3127804378027352, 1.3128998986596951, 1.3214068437690207, 1.3256335881325207, 1.3369675564907035, 1.3389104028724441, 1.3469972711217026, 1.3487619533671464, 1.353809594831509, 1.3547001412806994, 1.3655022178654594, 1.3678357827132956, 1.3738177752987601, 1.3832404154471158, 1.3889770869085822]
J(q0)=56.1756
relative_data_error(J):
[1.0, 0.7777914254587401, 0.6722901046005739, 0.582895420787673, 0.5117470930439549, 0.44202109100748366, 0.4009071554197908, 0.3729590783187006, 0.35348977135980747, 0.33548017288644894, 0.32780246227899656, 0.3143357614337898, 0.3059780402879542, 0.2968744437086564, 0.29044994624000453, 0.2842568659702789, 0.2757887766218785, 0.2700620910146042, 0.2639455564337541, 0.26022686006023965, 0.25612187497774835, 0.2519296634125848, 0.24835515775532435, 0.24466316336630137, 0.24171882454304003, 0.2385768910345417, 0.2358461680872122, 0.23307272196469642, 0.23041854470624254, 0.22796908266222346, 0.22645062981080752, 0.2249535385469848, 0.22286722349204993, 0.22014896147081653, 0.21828160268871183, 0.21636440020222303, 0.21488689039369405, 0.21356959249211402, 0.21201731712700886, 0.21018734112319226, 0.2087988379296349, 0.20747797976345603, 0.20630843284272884, 0.20521187134627847, 0.20407792707153993, 0.20307393245466002, 0.20200763320729995, 0.2008647882710643, 0.20007262939781684, 0.19875889176083567, 0.19838150371335597]
****************************************************************
****************************************************************
2023-03-15 09:29:30
N=64,m=64,k=[80.0]
gtol=1e-10,maxiter=50
q_method=T,maxq=0.7
noise_level=0.0
total_iter=50,t_avg=5.62
relative_model_error:
[1.0, 1.0001415188245153, 1.001471294229776, 0.9986719264618896, 0.9972062530005672, 1.0050300975663895, 1.0028794391920606, 1.005480643396406, 1.0103137831241848, 1.0288420740705746, 1.0317539151162525, 1.025695856419441, 1.0279961337721988, 1.0408452460030297, 1.0513027997562225, 1.0482998746697603, 1.052991777297201, 1.0572052043001343, 1.0635719973503477, 1.0648251138281477, 1.065954734941888, 1.068131725733127, 1.0709478834276334, 1.0760746387140554, 1.0778906449445393, 1.0791658488828206, 1.0831305134594131, 1.0869972452499372, 1.0855626059001158, 1.087604161804446, 1.089489172518529, 1.0964503595852815, 1.1015161285113748, 1.1007201883142554, 1.101925936237823, 1.1045450528520908, 1.1126972430238662, 1.117599144931729, 1.1188250347686177, 1.1254122898910315, 1.1257228219514255, 1.1303573651592578, 1.141550266656414, 1.13800568439067, 1.1401015538124044, 1.141061879714472, 1.1474683515518465, 1.1528644279299318, 1.156470661085379, 1.159279623281588, 1.1630231762426626]
J(q0)=48.0455
relative_data_error(J):
[1.0, 0.6962192088749207, 0.5854492096033969, 0.5207001696308707, 0.4363114131396281, 0.40942439978770123, 0.3530132894860081, 0.32658625677742975, 0.3099083160753869, 0.2881497746927392, 0.2695424129210853, 0.2614271888106066, 0.2436690220728268, 0.22928890322714926, 0.22209780312412195, 0.21341020490992912, 0.205164271367766, 0.19869040805070196, 0.19301204066978178, 0.1874414877563976, 0.18388007201506906, 0.18108126671592553, 0.1778701439260701, 0.17474539759186605, 0.17238971391701619, 0.17019387871913083, 0.16649051420008118, 0.1654129939328345, 0.1630598078904372, 0.1615260534285209, 0.1598859414513326, 0.1573972588483833, 0.15649228335640175, 0.15417989197739645, 0.15322600451655202, 0.15167663985180715, 0.14962837310466123, 0.14825592407197344, 0.14696006910116452, 0.14605884005786182, 0.14491721389099918, 0.14314805757042803, 0.14252198436898358, 0.1412679647417552, 0.14057487173616676, 0.13972671738248119, 0.13872100404824594, 0.13770675713646438, 0.1369181296895651, 0.13622191464341094, 0.13519268193691397]
****************************************************************
****************************************************************
2023-03-15 09:34:20
N=64,m=64,k=[80.0]
gtol=1e-10,maxiter=50
q_method=T,maxq=1.0
noise_level=0.0
total_iter=50,t_avg=5.52
relative_model_error:
[1.0, 1.0001785015722866, 1.0027596587010872, 1.0074734322690717, 1.0244260796928073, 1.0363967716568538, 1.0326487312208013, 1.0335245144581529, 1.0365568713482425, 1.0428161916738288, 1.0442881545217357, 1.0424061193188565, 1.0458023570844572, 1.047112865692537, 1.0510473332214418, 1.0569005607583253, 1.0607039097554039, 1.0630234073470186, 1.06295537154611, 1.0671259841312233, 1.0697183290242822, 1.0742399586175997, 1.0745187060496988, 1.0785940026217347, 1.0787181418267435, 1.0803654771900966, 1.0848259825633872, 1.0861301607830443, 1.0894640932587165, 1.0915435349871772, 1.0941481811108702, 1.0974580245308154, 1.100678577717529, 1.1016440810046682, 1.1018082735468115, 1.1054471376903283, 1.1073281309336718, 1.1118175167719664, 1.1130844105742213, 1.1132746403703224, 1.1162585264989293, 1.1177023331956741, 1.118247862761886, 1.1211877378436275, 1.1209755299129889, 1.1232311746035923, 1.1262562910454625, 1.127557719054289, 1.1278830799600066, 1.1299073829525115, 1.1308839855160104]
J(q0)=34.6888
relative_data_error(J):
[1.0, 0.7442892230345242, 0.6290070570328176, 0.5529854016281912, 0.4616331496044833, 0.42202382325130877, 0.3777472844260972, 0.3534656719171606, 0.3257304951454072, 0.29481273494614973, 0.2836463065888702, 0.2716790433799958, 0.2603638638407786, 0.25095275708586057, 0.24068143031756647, 0.2303677267590692, 0.2237062106501234, 0.2165678835820207, 0.21035925140102857, 0.20468047323631836, 0.198612232190217, 0.1928910772353036, 0.1893565069993773, 0.18598798459445123, 0.18223432347039967, 0.1793230091556929, 0.17628600585779847, 0.17371197619981088, 0.17105175157399508, 0.1684223726390074, 0.16635081063628607, 0.1632123336638915, 0.16078763174281036, 0.15921767256290215, 0.15762032702197828, 0.15628329604944535, 0.15451413712783377, 0.15246996148612807, 0.1507731602130947, 0.149892472498328, 0.14826572265399782, 0.14726597633818408, 0.14629419293835474, 0.1451681810843846, 0.14449217038352438, 0.14354604367980445, 0.14222025552916215, 0.14138598048937986, 0.14051278798920688, 0.13956204884573695, 0.13863408362353266]
