
****************************************************************
****************************************************************
2023-03-15 08:40:54
N=64,m=64,k=[20.0]
gtol=1e-10,maxiter=50
q_method=G,maxq=0.01
noise_level=0.0
total_iter=29,t_avg=6.55
relative_model_error:
[1.0, 0.7175950777552317, 0.5451964366242256, 0.16374078619164192, 0.07311210563257883, 0.02849185044615412, 0.024891380846050897, 0.024331044032890454, 0.024131806207911013, 0.023819951186350434, 0.0234041363165564, 0.022493754085198644, 0.022267218151560284, 0.02198783920784148, 0.021742640925716053, 0.02156569878801401, 0.02133816497913301, 0.021197322842665955, 0.020989906164230694, 0.020685074376945355, 0.02012728522299395, 0.019871320158580216, 0.019769360400184042, 0.019625045965370288, 0.019325774255846827, 0.018912823998353284, 0.018649840450420355, 0.01850643501163303, 0.018373288451205273, 0.01825092812520989]
J(q0)=0.12715
relative_data_error(J):
[1.0, 0.3570129767990562, 0.18177428234368853, 0.01348918600078647, 0.002249642154935116, 0.00011987416437278804, 3.372709398348407e-05, 5.791844278411324e-06, 4.136437278804561e-06, 3.131403853716083e-06, 2.4151553283523394e-06, 1.4010696028313015e-06, 1.2441368462445927e-06, 1.0067636649626423e-06, 8.610066850176955e-07, 8.037829335430594e-07, 7.050294927251278e-07, 6.54022021234762e-07, 5.925316555249704e-07, 5.161187573731813e-07, 4.210821863940228e-07, 3.799512386944553e-07, 3.5238065277231614e-07, 3.2483995281163976e-07, 2.8929138812426267e-07, 2.494203696421549e-07, 2.1855446323240265e-07, 1.9615336217066455e-07, 1.776256390090444e-07, 1.6665513173417222e-07]
****************************************************************
****************************************************************
2023-03-15 08:45:04
N=64,m=64,k=[20.0]
gtol=1e-10,maxiter=50
q_method=G,maxq=0.1
noise_level=0.0
total_iter=40,t_avg=5.93
relative_model_error:
[1.0, 0.7205610147105981, 0.5512405140345495, 0.17498233424826107, 0.07867470953048247, 0.026631487237399748, 0.02192247149519658, 0.021035053257114446, 0.020831504935350263, 0.020545121457919455, 0.020216414728958368, 0.0194080882904709, 0.019149013900711474, 0.01899007708152848, 0.018765855655626523, 0.018486705167949695, 0.01850851127966811, 0.01844745903749194, 0.018305987649306504, 0.01807345038426598, 0.017492428045086165, 0.017433678958450945, 0.01740497591172795, 0.01717755059382738, 0.016810135574248177, 0.01671109379708915, 0.01655251990058032, 0.016353280192467935, 0.01619642457839292, 0.016000859479641125, 0.015874101405752922, 0.01573764437200589, 0.015556916634029383, 0.015452561403012547, 0.015412056971049276, 0.015308751438045255, 0.015173918338728987, 0.015141530039485032, 0.015061163849284824, 0.014995038433475279, 0.014955238092841442]
J(q0)=1.25557
relative_data_error(J):
[1.0, 0.35635926312352156, 0.18278152552227275, 0.015014137005503476, 0.002640282899400272, 0.00015104932421131437, 4.814753458588529e-05, 5.4268738501238475e-06, 3.488120933122008e-06, 2.4803316422023464e-06, 1.9672499342927914e-06, 1.2169213982494007e-06, 9.995221293914318e-07, 8.463805283656028e-07, 7.284850705257372e-07, 7.159855683076213e-07, 6.127782600731142e-07, 5.741989693923875e-07, 5.339614676999291e-07, 4.726204034820838e-07, 4.5319894549885703e-07, 3.6437315322921064e-07, 3.451579760586825e-07, 3.092260885494237e-07, 2.895306514172846e-07, 2.5481813041088906e-07, 2.3180627125528642e-07, 2.1096633401562636e-07, 1.9883558861712211e-07, 1.7782361795837744e-07, 1.619153053991414e-07, 1.4425241125544573e-07, 1.3044354356985273e-07, 1.1692219470041494e-07, 1.0961873889946398e-07, 1.0072477042299512e-07, 9.576049125098559e-08, 8.958719943929848e-08, 8.370939095390938e-08, 8.006403466154814e-08, 7.864834298366479e-08]
****************************************************************
****************************************************************
2023-03-15 08:49:19
N=64,m=64,k=[20.0]
gtol=1e-10,maxiter=50
q_method=G,maxq=0.2
noise_level=0.0
total_iter=41,t_avg=5.89
relative_model_error:
[1.0, 0.6834870852463071, 0.5586731533463057, 0.3647579732003663, 0.19736820262498767, 0.054126985242070276, 0.02871860044045754, 0.0242599380478511, 0.01975035920502247, 0.017525977899786337, 0.01696492750577988, 0.016762872835995216, 0.01654387744663053, 0.015818236934380635, 0.015566219082441778, 0.01543044576856732, 0.015267229399558232, 0.01521563175513818, 0.015149158594002069, 0.015000336150256078, 0.014775890603672284, 0.014647604929702181, 0.014514044367693262, 0.014376234440337475, 0.014093076889560845, 0.013740030791138539, 0.013336621964503291, 0.013278891818995586, 0.013237380159944266, 0.013097759354140103, 0.01297805634964653, 0.012827175187493576, 0.012699961368201774, 0.012622242167302287, 0.012531895305064447, 0.012484045252467055, 0.012417615335563006, 0.012321338664032531, 0.012111531939979549, 0.01200629432460483, 0.012034814945858027, 0.012027983467250562]
J(q0)=2.46806
relative_data_error(J):
[1.0, 0.4271290001053459, 0.18483748369164446, 0.06915593624142038, 0.020633696101391374, 0.0020891793554451677, 0.0004309133489461359, 0.00014038110904921274, 3.9371530675915496e-05, 7.118708621346321e-06, 2.136224402972375e-06, 1.7603583381279223e-06, 1.4991734398677504e-06, 9.392559338103613e-07, 7.461731076229914e-07, 6.129753733701774e-07, 5.533536461836422e-07, 4.97690493748126e-07, 4.6257789518893387e-07, 4.1449154396570585e-07, 3.621917619506819e-07, 3.4168618266978924e-07, 3.1829534128019577e-07, 2.951994684083855e-07, 2.5773684594377774e-07, 2.2232522710144813e-07, 1.9304676547571778e-07, 1.6714180368386505e-07, 1.5425718985762097e-07, 1.4266184776707212e-07, 1.26742866867094e-07, 1.134105329692147e-07, 1.0250358581233844e-07, 9.73007139210554e-08, 8.811900845198252e-08, 8.25697106229184e-08, 7.623437031514631e-08, 6.906234046173918e-08, 6.236274644862767e-08, 5.770200076173189e-08, 5.492978290641232e-08, 5.4067162062510643e-08]
****************************************************************
****************************************************************
2023-03-15 08:53:18
N=64,m=64,k=[20.0]
gtol=1e-10,maxiter=50
q_method=G,maxq=0.3
noise_level=0.0
total_iter=40,t_avg=5.64
relative_model_error:
[1.0, 0.7495029416644432, 0.5645886252259458, 0.18460817443064942, 0.07829546113894836, 0.027160299512098907, 0.015560910382038176, 0.01405651733402435, 0.01385056150763487, 0.013693118471085758, 0.013415737365949537, 0.013029107484682364, 0.012263643222765673, 0.012145388507367698, 0.012154644077716466, 0.012031028960601988, 0.011880604796447394, 0.01165135020964223, 0.011546973601654149, 0.01146473694753308, 0.011242742290791094, 0.010983680932113127, 0.010912410815331987, 0.01074744559441544, 0.010554490137715826, 0.01011383551460929, 0.01009650615023833, 0.010110638381011061, 0.010010991824655428, 0.009867607183262394, 0.009764289174991923, 0.009695906449166396, 0.009635615232708465, 0.009577212779989039, 0.009535375521696017, 0.009483423307640272, 0.009420642472521886, 0.00932518370314503, 0.00930705666444631, 0.009300348165471919, 0.009279905385152528]
J(q0)=3.62767
relative_data_error(J):
[1.0, 0.367213666072162, 0.18670661884901327, 0.01588752560183258, 0.0025321570043581694, 0.0002530257713628858, 3.893049808830461e-05, 6.145762982851251e-06, 2.5796916478069945e-06, 1.970339088175054e-06, 1.484911802892766e-06, 1.1011282724172817e-06, 1.0249857346451027e-06, 5.420338674686506e-07, 4.541951169759101e-07, 3.835878125628847e-07, 3.270942505795731e-07, 2.8207637409135893e-07, 2.529976541416391e-07, 2.3508753552555771e-07, 2.1146686440607882e-07, 1.9220794614725153e-07, 1.7397778739521508e-07, 1.5461467002235593e-07, 1.3518980502636677e-07, 1.2368765626421365e-07, 9.81315830822539e-08, 9.310466497779565e-08, 7.971700843792296e-08, 6.693855835839532e-08, 6.215311756582049e-08, 5.731943644267532e-08, 5.3363729335909825e-08, 5.015257727411809e-08, 4.680083910609289e-08, 4.3655845211940446e-08, 4.106327201757602e-08, 3.892195265831787e-08, 3.760044325972318e-08, 3.6958984692653955e-08, 3.6390851428051614e-08]
****************************************************************
****************************************************************
2023-03-15 08:57:45
N=64,m=64,k=[20.0]
gtol=1e-10,maxiter=50
q_method=G,maxq=0.4
noise_level=0.0
total_iter=45,t_avg=5.63
relative_model_error:
[1.0, 0.8015699185629607, 0.5681018617712588, 0.31818031336550845, 0.1252407528696366, 0.050749362109046486, 0.03533245245370628, 0.020754784878273955, 0.014219124040779619, 0.011434994040294699, 0.011036011140041768, 0.01081400700797909, 0.0103371515349192, 0.009740639019909752, 0.0095014760188898, 0.009319747084181611, 0.00914705307520275, 0.009030542845744031, 0.009006311171427169, 0.008954012783965374, 0.008877299814028265, 0.008706117901220058, 0.008610636937954204, 0.008551320103743936, 0.00840786137660377, 0.008226205728978822, 0.007811172765687012, 0.007740342787750474, 0.007709702267359985, 0.007582806030634029, 0.007438107159144159, 0.007379249155060205, 0.0073543695710663, 0.007305037652984537, 0.0072430781415715765, 0.007141830855790747, 0.007148089701141814, 0.007138824098267707, 0.007107087028395638, 0.007011826313194883, 0.0069033404517192636, 0.0069178243139395145, 0.006909901582192149, 0.00688639795690294, 0.006825622076328255, 0.0067658395597925925]
J(q0)=4.72696
relative_data_error(J):
[1.0, 0.43106774755868466, 0.18803649702980352, 0.05322469409514784, 0.007730042141249344, 0.0016207647198199266, 0.0005303366222688578, 0.00013973928275255132, 3.500918137661414e-05, 3.5763577436661193e-06, 2.0450733663919305e-06, 1.6250994296545772e-06, 1.1477757374718634e-06, 8.911922250241169e-07, 5.671679049537124e-07, 3.9501709343848904e-07, 3.1074305684837614e-07, 2.7012921624045895e-07, 2.4068111428909915e-07, 2.189356372806201e-07, 1.993410140978557e-07, 1.752384196185286e-07, 1.6282854096501768e-07, 1.5332031580550713e-07, 1.3790893089850558e-07, 1.219536446257214e-07, 1.1354422292551661e-07, 8.638046439995261e-08, 7.771760285680437e-08, 6.521019852082522e-08, 6.23195457545653e-08, 5.098329581803104e-08, 4.802536937058913e-08, 4.42925262748151e-08, 4.0310051280315464e-08, 3.761148814460034e-08, 3.435675360062281e-08, 3.262583140115423e-08, 3.083736693350483e-08, 2.7778741516746492e-08, 2.642565200467108e-08, 2.4874972498180648e-08, 2.431330072604803e-08, 2.361708159155144e-08, 2.2769179345710563e-08, 2.243090696769171e-08]
****************************************************************
****************************************************************
2023-03-15 09:01:31
N=64,m=64,k=[20.0]
gtol=1e-10,maxiter=50
q_method=G,maxq=0.5
noise_level=0.0
total_iter=39,t_avg=5.48
relative_model_error:
[1.0, 0.8378119944697594, 0.5694885759626772, 0.3714748902318314, 0.14342793634095924, 0.06503740662964937, 0.04133823045605839, 0.019527155329133926, 0.012789744162423832, 0.010342212121718826, 0.009709050689539504, 0.009214121259110733, 0.008460122097745314, 0.007831439439365618, 0.007605068419698411, 0.007489420996705437, 0.007390041173312817, 0.007198791773323992, 0.007092051523600935, 0.007088229875386572, 0.007049711702951575, 0.00695483879895057, 0.006759669787193726, 0.006587424287891697, 0.006415792791150729, 0.0062510639522670745, 0.006017779168093206, 0.005937843095138042, 0.005938589408811308, 0.005876199206310584, 0.00579231418112079, 0.0057737231704437205, 0.005747227823605498, 0.005699980388665313, 0.005637150226422041, 0.005512092510290372, 0.005464196801445799, 0.005475923295564676, 0.0054610876922471935, 0.005415638351060301]
J(q0)=5.76007
relative_data_error(J):
[1.0, 0.5006362769896894, 0.1892251309445892, 0.07347688482952465, 0.00966078537239999, 0.002147699593928546, 0.0007291595414639058, 0.00012146466970019463, 2.474483817036946e-05, 4.008492952342593e-06, 2.278184119290217e-06, 1.6644953967573312e-06, 1.1307970215639742e-06, 6.575927028664582e-07, 4.4504667477999403e-07, 3.2691616594937213e-07, 2.612798108356322e-07, 1.945583994638954e-07, 1.7739020532736582e-07, 1.6046176522160321e-07, 1.49766756306781e-07, 1.353134597322602e-07, 1.1442603996131992e-07, 1.023109094160314e-07, 8.579617956031784e-08, 7.112048985515801e-08, 6.014857458329499e-08, 4.924245712291692e-08, 4.4790080676102895e-08, 3.873164735845224e-08, 3.7616556743234025e-08, 3.3085361809839116e-08, 3.108555972410058e-08, 2.881666368637881e-08, 2.5379379070046025e-08, 2.2631148579791568e-08, 1.9574762112265997e-08, 1.8345089556203313e-08, 1.726768945516287e-08, 1.7168767046233813e-08]
