
****************************************************************
****************************************************************
2023-03-14 18:42:24
N=64,m=64,k=[4.0]
gtol=1e-10,maxiter=50
q_method=G,maxq=0.1
noise_level=0.0
total_iter=50,t_avg=3.92
relative_model_error:
[1.0, 0.8416607890488446, 0.808946329380115, 0.7829452690734886, 0.7653194695550307, 0.7369110604841889, 0.7213308462522094, 0.7196688339269198, 0.7154167344482634, 0.7087838497069714, 0.700719841288847, 0.6881117374738425, 0.6815738947752076, 0.6822646089655547, 0.6816551821202069, 0.679578157855364, 0.677608540031174, 0.6759884615819678, 0.6716191000965919, 0.6674517853230604, 0.6676859535547278, 0.6672701006229679, 0.6659829700952115, 0.6636830798775653, 0.6566275910018047, 0.6531127098239208, 0.6537674361579133, 0.6531678063725852, 0.6510346023005713, 0.6466319974192408, 0.6423412382850562, 0.6377556281834407, 0.6362730026803074, 0.636518604895238, 0.6362863996855873, 0.6349484835562461, 0.6324983893381879, 0.6270419720452249, 0.6225295379981842, 0.6174060232644913, 0.6151381261281633, 0.6139582535909865, 0.6142973993826552, 0.6141334287398711, 0.6134909962999899, 0.6122396747125014, 0.6109778224132824, 0.6100523952790483, 0.6094335250538679, 0.6086950405884188, 0.607517421340594]
J(q0)=0.0397586
relative_data_error(J):
[1.0, 0.13614438134139534, 0.04972131815506583, 0.02343352130105185, 0.01502336601389385, 0.005670194624559215, 0.004209403751641154, 0.002660506154643272, 0.002070925535607391, 0.0015740770550270885, 0.0011425628669017522, 0.0007091145060439754, 0.0006189629413510537, 0.00044591358850663756, 0.00041583204640002416, 0.00038806195389173663, 0.00036188648493659236, 0.000333404596741334, 0.00028029407474106235, 0.00027608114973867287, 0.00024396935505777368, 0.00023660440759986522, 0.00022841020559074014, 0.00021425276543942696, 0.00019303798423485737, 0.00018203809993309626, 0.00017273168572334036, 0.00016630163033909645, 0.00015868566800641875, 0.00014621113419486603, 0.00013163667734779393, 0.00011906153637200506, 0.0001179925852519958, 0.00011487401467858526, 0.00011219635500243974, 0.00010738783558777221, 0.00010135417243061878, 8.73833585689637e-05, 7.973268676462451e-05, 6.715830034256741e-05, 6.133465464075697e-05, 5.838485258535261e-05, 5.5895328306328696e-05, 5.352250833781874e-05, 5.2146202331067995e-05, 4.9354856559335595e-05, 4.821246220943393e-05, 4.592918261709417e-05, 4.4552625092432836e-05, 4.319266774987047e-05, 4.1868174432701356e-05]
****************************************************************
****************************************************************
2023-03-14 18:46:02
N=64,m=64,k=[10.0]
gtol=1e-10,maxiter=50
q_method=G,maxq=0.1
noise_level=0.0
total_iter=50,t_avg=4.16
relative_model_error:
[1.0, 0.6635656218250373, 0.48200871767756936, 0.32112349597043444, 0.3129848442928269, 0.3053021075478955, 0.29483032225150774, 0.28575818175937423, 0.28385648750596476, 0.2832690002832087, 0.2808311385045886, 0.276996546061192, 0.272823754739458, 0.27289939693408916, 0.272353702353371, 0.2703159940834126, 0.2687726377801341, 0.2672265884305535, 0.2654632437484361, 0.2637779493637567, 0.26081822991752346, 0.2579345572923505, 0.2586761985815509, 0.25846494760094807, 0.25710508541706906, 0.25426463655781806, 0.25097868948201457, 0.2474545533268701, 0.24524202773702622, 0.24224318507497686, 0.24233866549278577, 0.24218397342508732, 0.240466591958441, 0.23790223323105256, 0.23499239137813244, 0.23227897034156123, 0.23112734780429395, 0.22983206358254515, 0.22802706985106297, 0.2263036021530642, 0.22428510600093077, 0.22344945117666215, 0.22200414389208092, 0.22238510111846824, 0.22220573176337832, 0.22097535892026715, 0.21923658376732982, 0.2169234608401849, 0.21433461402222115, 0.21365137774735174, 0.21357456675745728]
J(q0)=0.352551
relative_data_error(J):
[1.0, 0.30759521317483146, 0.10904776897526881, 0.0034373182887014924, 0.001670436334033941, 0.0010799855907372266, 0.0005648998300955039, 0.00034007845673391935, 0.0001963508825673449, 0.00017110914449256986, 0.00013580503246338828, 0.00010557224344846561, 9.933059330423116e-05, 8.00040277860508e-05, 7.511565702550836e-05, 6.698094743739204e-05, 6.303882275188554e-05, 5.806337239151215e-05, 5.323882218459173e-05, 4.883492033776674e-05, 4.330947862862394e-05, 4.2701623311237236e-05, 3.9030381419993135e-05, 3.8077611466142485e-05, 3.6098607010049605e-05, 3.320342305084938e-05, 3.1218745656656766e-05, 2.821597442639505e-05, 2.6447747985397856e-05, 2.6107626981628192e-05, 2.433060748657641e-05, 2.357312842680917e-05, 2.1824501986946568e-05, 1.9806978281156485e-05, 1.864706099259398e-05, 1.6563135546346486e-05, 1.5767080507501043e-05, 1.4955368159500329e-05, 1.393962859274261e-05, 1.3220271677005596e-05, 1.2019282316601003e-05, 1.1420588794245372e-05, 1.1299953765554487e-05, 1.067819974982343e-05, 1.0275534603504173e-05, 9.442832384534436e-06, 8.760406295826702e-06, 7.514260348148211e-06, 6.623041772679697e-06, 5.920703671241892e-06, 5.6203215988608735e-06]
****************************************************************
****************************************************************
2023-03-14 18:49:27
N=64,m=64,k=[15.0]
gtol=1e-10,maxiter=50
q_method=G,maxq=0.1
noise_level=0.0
total_iter=50,t_avg=3.91
relative_model_error:
[1.0, 0.7023291887374866, 0.52161216808886, 0.16101855509784635, 0.10960025902232512, 0.0994280696711254, 0.09640874373779935, 0.09431008801113328, 0.0905075410440543, 0.08965158037971895, 0.08916593143673682, 0.0877238916776786, 0.08610336788644932, 0.08519239102406244, 0.08466364008317244, 0.08429008003617855, 0.08412479499722997, 0.08306687502876155, 0.0823244390943213, 0.08055364406842094, 0.08048076227196735, 0.08036899745202561, 0.07924136791928726, 0.07776016159172915, 0.07568253874402046, 0.07538337464616372, 0.07494357637317911, 0.07427942734799028, 0.07381884069234768, 0.07291235925966949, 0.07242182205858694, 0.07099231552601774, 0.06985252898929578, 0.07022684002334884, 0.07021120131079327, 0.06978966803365441, 0.06893059231539571, 0.06858702503536834, 0.06794635759153461, 0.06759445705843013, 0.06757526252708988, 0.0675036817594733, 0.06732467859574655, 0.06698692315295501, 0.0667325616756678, 0.06651003156188548, 0.06641475563754114, 0.06624238201615783, 0.06612759019838262, 0.06599543144544089, 0.06586855670819838]
J(q0)=0.729234
relative_data_error(J):
[1.0, 0.35040467120293345, 0.1695916537078633, 0.009213338928245255, 0.0010759742414643311, 0.0002030953027423296, 0.00011912335409484472, 8.039765013699307e-05, 3.583609650674543e-05, 2.8182448980711268e-05, 2.4558372209743374e-05, 1.8647238060759646e-05, 1.5188266043547064e-05, 1.1739057696157885e-05, 1.0482917691714866e-05, 9.792823702679798e-06, 9.321973468050035e-06, 7.782728177786553e-06, 7.091729129470101e-06, 6.981901556976224e-06, 6.0546271841411665e-06, 5.8367684446967634e-06, 5.164844206386427e-06, 4.547648628560928e-06, 4.151369793509353e-06, 3.729941280850865e-06, 3.447713628272955e-06, 3.2218876245484987e-06, 3.0007788995027657e-06, 2.710954234169005e-06, 2.541379036084439e-06, 2.1458269910618538e-06, 2.0332979537432428e-06, 1.796679803739266e-06, 1.694778356467197e-06, 1.4915514087384844e-06, 1.2547906433325927e-06, 1.1937827912576757e-06, 1.072908010323161e-06, 1.038208585995716e-06, 9.911825285162239e-07, 9.372560796671575e-07, 8.855607390768943e-07, 8.065380933966325e-07, 7.72820521259294e-07, 7.300907527624876e-07, 7.093621526149356e-07, 6.801026830893787e-07, 6.62138627655869e-07, 6.385344073370139e-07, 6.235789883631317e-07]
****************************************************************
****************************************************************
2023-03-14 18:52:17
N=64,m=64,k=[20.0]
gtol=1e-10,maxiter=50
q_method=G,maxq=0.1
noise_level=0.0
total_iter=40,t_avg=3.99
relative_model_error:
[1.0, 0.7205610147105981, 0.5512405140345495, 0.17498233424826107, 0.07867470953048247, 0.026631487237399748, 0.02192247149519658, 0.021035053257114446, 0.020831504935350263, 0.020545121457919455, 0.020216414728958368, 0.0194080882904709, 0.019149013900711474, 0.01899007708152848, 0.018765855655626523, 0.018486705167949695, 0.01850851127966811, 0.01844745903749194, 0.018305987649306504, 0.01807345038426598, 0.017492428045086165, 0.017433678958450945, 0.01740497591172795, 0.01717755059382738, 0.016810135574248177, 0.01671109379708915, 0.01655251990058032, 0.016353280192467935, 0.01619642457839292, 0.016000859479641125, 0.015874101405752922, 0.01573764437200589, 0.015556916634029383, 0.015452561403012547, 0.015412056971049276, 0.015308751438045255, 0.015173918338728987, 0.015141530039485032, 0.015061163849284824, 0.014995038433475279, 0.014955238092841442]
J(q0)=1.25557
relative_data_error(J):
[1.0, 0.35635926312352156, 0.18278152552227275, 0.015014137005503476, 0.002640282899400272, 0.00015104932421131437, 4.814753458588529e-05, 5.4268738501238475e-06, 3.488120933122008e-06, 2.4803316422023464e-06, 1.9672499342927914e-06, 1.2169213982494007e-06, 9.995221293914318e-07, 8.463805283656028e-07, 7.284850705257372e-07, 7.159855683076213e-07, 6.127782600731142e-07, 5.741989693923875e-07, 5.339614676999291e-07, 4.726204034820838e-07, 4.5319894549885703e-07, 3.6437315322921064e-07, 3.451579760586825e-07, 3.092260885494237e-07, 2.895306514172846e-07, 2.5481813041088906e-07, 2.3180627125528642e-07, 2.1096633401562636e-07, 1.9883558861712211e-07, 1.7782361795837744e-07, 1.619153053991414e-07, 1.4425241125544573e-07, 1.3044354356985273e-07, 1.1692219470041494e-07, 1.0961873889946398e-07, 1.0072477042299512e-07, 9.576049125098559e-08, 8.958719943929848e-08, 8.370939095390938e-08, 8.006403466154814e-08, 7.864834298366479e-08]
****************************************************************
****************************************************************
2023-03-14 18:54:56
N=64,m=64,k=[40.0]
gtol=1e-10,maxiter=50
q_method=G,maxq=0.1
noise_level=0.0
total_iter=38,t_avg=3.92
relative_model_error:
[1.0, 0.7324941132784192, 0.5720657560105067, 0.22088443045865797, 0.12270308964062837, 0.04203196658990115, 0.01813365904964762, 0.012367138928796088, 0.009436419508903768, 0.006399007981190538, 0.004602574825422569, 0.004343759542850439, 0.0041729840703802696, 0.0038406304250587333, 0.003493891567020275, 0.0032694903141641265, 0.0032444043683378648, 0.003141987631408037, 0.0029914589243228004, 0.0026860686448603034, 0.0023846898411073103, 0.002404925919986192, 0.0023485131214067705, 0.002203956249873406, 0.0020323601676088443, 0.0019905046804937583, 0.0019815921097499187, 0.001945557908634043, 0.0018302920485847472, 0.001649262063050339, 0.0014955317400451144, 0.0013436097631002496, 0.001195739559166458, 0.0011645483041957958, 0.0011269690587562787, 0.0010812616322420753, 0.0010421717673883293, 0.0010086615427835517, 0.000994137074375461]
J(q0)=4.97831
relative_data_error(J):
[1.0, 0.3576153353246383, 0.18696143872117246, 0.020382619804712846, 0.0053954655294668275, 0.0005930787757291129, 0.0001932673939549767, 3.4371704453921113e-05, 1.5426439896270022e-05, 4.739540125062522e-06, 1.0436955513015462e-06, 6.661959580660907e-07, 5.069049536891034e-07, 3.314960297771734e-07, 2.4181097601394853e-07, 1.7135855340466947e-07, 1.445878219717133e-07, 1.1848719746259273e-07, 9.593074758301513e-08, 6.99387944904998e-08, 6.075796806546801e-08, 4.4170812986736465e-08, 3.679501678280381e-08, 2.805309432317393e-08, 2.6265539912138865e-08, 2.14233344247345e-08, 2.0579473757158553e-08, 1.9389371091796215e-08, 1.716815545837845e-08, 1.385847807790194e-08, 1.1248757108335963e-08, 8.620415361839662e-09, 6.892921493438537e-09, 5.217332789641465e-09, 4.006922027756408e-09, 3.0949057009306372e-09, 2.5967446784149644e-09, 1.8901354073972897e-09, 1.5854155325803337e-09]
****************************************************************
****************************************************************
2023-03-14 19:01:22
N=64,m=64,k=[10.0, 15.0]
gtol=1e-10,maxiter=50
q_method=G,maxq=0.1
noise_level=0.0
total_iter=50,t_avg=7.43
relative_model_error:
[1.0, 0.6895775465486073, 0.5021703391382696, 0.16876182545146345, 0.12480365949936884, 0.10575241309586414, 0.09851908517152926, 0.09545105300679217, 0.09338623176769537, 0.08983627453755419, 0.08846693858800658, 0.08869596861462539, 0.08833409882146316, 0.08655435126778861, 0.08578879384850532, 0.08486337042734214, 0.08418146612109038, 0.08357365253183317, 0.0829981148180821, 0.08253551840155499, 0.08177300467746919, 0.08102772928532945, 0.08097549392107138, 0.0806706513988786, 0.08013752472555973, 0.07877954642485088, 0.07793589247413735, 0.07666269780984192, 0.07605714307995225, 0.07594475617139577, 0.07553456157661366, 0.0743078414166706, 0.07374954234764491, 0.0729395356157162, 0.07237084850808527, 0.07120904382749293, 0.07042751670663512, 0.0705574615049652, 0.07051807456818326, 0.07019144664993497, 0.0696512037006353, 0.0692275148251725, 0.06862732409420373, 0.06819979508408507, 0.06782196152469634, 0.06768496569518649, 0.06756193873264753, 0.06729355752498292, 0.06684094076325113, 0.06667921484688513, 0.06662044505671462]
J(q0)=1.08179
relative_data_error(J):
[1.0, 0.3440917368435648, 0.15807873986633264, 0.008237966703334288, 0.0018319452019338316, 0.00041679993344364435, 0.00017354662180275285, 9.873450484844563e-05, 6.518390815222917e-05, 3.274609674705811e-05, 3.0142818846541378e-05, 2.0983739912552342e-05, 1.9072555671618334e-05, 1.369507945164958e-05, 1.2421911831316614e-05, 1.025282171216225e-05, 8.788600375303894e-06, 7.73396870002496e-06, 6.913273370986975e-06, 6.251841854703778e-06, 5.603351852023036e-06, 5.298301888536592e-06, 5.016629844979155e-06, 4.782379204836429e-06, 4.537608962922563e-06, 3.999251240998715e-06, 3.7902735281339257e-06, 3.4246665249262798e-06, 3.236533892899731e-06, 3.1097163035339573e-06, 2.882971741280655e-06, 2.6672182216511523e-06, 2.3770325109309572e-06, 2.1553074071677496e-06, 2.0148272770130984e-06, 1.7853465090267056e-06, 1.6385989887131511e-06, 1.5194168923728265e-06, 1.416615054677895e-06, 1.3227890810600948e-06, 1.2058255299087623e-06, 1.1178787010417918e-06, 9.889627376847633e-07, 9.083130737019199e-07, 8.573808225256288e-07, 8.032723541537637e-07, 7.520849702807383e-07, 6.932214200537997e-07, 6.611902494938944e-07, 5.997716747242996e-07, 5.797261945479252e-07]
****************************************************************
****************************************************************
2023-03-14 19:11:44
N=64,m=64,k=[10.0, 15.0, 20.0]
gtol=1e-10,maxiter=50
q_method=G,maxq=0.1
noise_level=0.0
total_iter=50,t_avg=12.05
relative_model_error:
[1.0, 0.7067252864478426, 0.5284823768073859, 0.15819597617202402, 0.07951667581758572, 0.03656474070237805, 0.025068523625327074, 0.02295876037862289, 0.02223589679583417, 0.021264399781366454, 0.020653444437086776, 0.020409183865244294, 0.019964387769663635, 0.01956238854169783, 0.01897863414535567, 0.01892626206909212, 0.01894651220616461, 0.01888175598665975, 0.018683075761175203, 0.01842408574330581, 0.01797487919770973, 0.017761705292297245, 0.017838055825957908, 0.01780564303306134, 0.017637078105995352, 0.017385457412337452, 0.016828104615881363, 0.016673019815445913, 0.016648096465444382, 0.01656104815901526, 0.016471547247917762, 0.01630951296367208, 0.016099965699482736, 0.015866675555746525, 0.015600381072536714, 0.0156286443025121, 0.01561661384914265, 0.015540969372980622, 0.015358578676656376, 0.015230011408094081, 0.015177077837951438, 0.015117413083012617, 0.015074911764760907, 0.015051235253150457, 0.014950753917372725, 0.014892477096212739, 0.014800999659145003, 0.014765415360969572, 0.014732648648127733, 0.014682567350882756, 0.014583754664875867]
J(q0)=2.33735
relative_data_error(J):
[1.0, 0.3523109504353221, 0.17319699659871224, 0.011674588743662695, 0.002221473035702826, 0.0002782356087021627, 6.592936445119474e-05, 1.5790318095278843e-05, 8.923396153763879e-06, 3.840088133997904e-06, 2.895531264038334e-06, 2.1683616060923695e-06, 1.5880462917406466e-06, 1.2384495261728027e-06, 1.0735063212612575e-06, 8.502064303591675e-07, 7.420155304083685e-07, 6.916379660726891e-07, 5.9606819688964e-07, 4.853060089417503e-07, 3.9374120264401995e-07, 3.832160352535992e-07, 3.3436113547393423e-07, 3.2315014867264214e-07, 2.947671508332086e-07, 2.6266755085887867e-07, 2.432797826598499e-07, 1.988183198921856e-07, 1.8626136436562775e-07, 1.77521552185167e-07, 1.6865638436691126e-07, 1.557169444028494e-07, 1.4004877318330588e-07, 1.217729479966629e-07, 1.1123494555800373e-07, 1.0085566988255933e-07, 9.513551671765034e-08, 8.810148244807154e-08, 7.765289751213982e-08, 7.241277515134661e-08, 6.879714206259226e-08, 6.596102423684943e-08, 6.359167433204271e-08, 6.105632447001948e-08, 5.5270712559094705e-08, 5.3173465676941844e-08, 5.091492502192654e-08, 4.935161614649069e-08, 4.814255460243438e-08, 4.69309260487304e-08, 4.5753524290328796e-08]
****************************************************************
****************************************************************
2023-03-14 19:19:36
N=64,m=64,k=[10.0, 20.0, 40.0]
gtol=1e-10,maxiter=50
q_method=G,maxq=0.1
noise_level=0.0
total_iter=38,t_avg=11.89
relative_model_error:
[1.0, 0.7268923006274245, 0.5625874067948015, 0.2072900731379145, 0.11382046643786352, 0.04034270038642923, 0.01693682125358806, 0.011570721542259877, 0.009639214303255693, 0.006997877138842862, 0.0048615904213814105, 0.0043535842419586135, 0.00408748052639506, 0.0037975683224265545, 0.0034650159129529273, 0.0032278470389175626, 0.003239612603729067, 0.0031850141624623586, 0.0030365580453511633, 0.002815902781235072, 0.002669472315325192, 0.002560259807187554, 0.002430905783921024, 0.002248191648795525, 0.0020313515807495824, 0.001955262106492994, 0.0019610913941229234, 0.0019265668951886751, 0.0018738831100606095, 0.0018565336320585978, 0.0018221760170775091, 0.0017641169589922752, 0.0016245814814501904, 0.0014893523102130696, 0.0013401282978541193, 0.0012019659603589813, 0.0011332922171317843, 0.0010728205217901707, 0.0009663095245946139]
J(q0)=6.58642
relative_data_error(J):
[1.0, 0.35667783105237744, 0.1840757194348371, 0.018184992757825952, 0.0046220860497812166, 0.0005430218540572875, 0.0001524743335529772, 2.3488329016370046e-05, 1.2580324364373968e-05, 4.862277231029906e-06, 1.4721958210985631e-06, 7.846295863306621e-07, 4.946526337524786e-07, 3.160882543172163e-07, 2.2124613978458705e-07, 1.8337123961120002e-07, 1.4575125789123682e-07, 1.274742576392031e-07, 1.0112246106382526e-07, 7.339024842023435e-08, 6.388781766118772e-08, 5.384898017435875e-08, 4.450445006543767e-08, 3.332629865693351e-08, 2.6709654106479696e-08, 1.9201781848105647e-08, 1.7647371409658053e-08, 1.627409123621026e-08, 1.5804033146990323e-08, 1.4968025118349574e-08, 1.4378827952058932e-08, 1.3495373814606418e-08, 1.1617692160536376e-08, 1.0394812356333183e-08, 7.971583956079327e-09, 5.8154050303503266e-09, 4.770330467841407e-09, 3.775070523896138e-09, 3.4419608831504826e-09]
