
****************************************************************
****************************************************************
2023-03-14 20:06:35
N=64,m=16,k=[80.0]
gtol=1e-10,maxiter=50
q_method=T,maxq=0.1
noise_level=0.0
total_iter=50,t_avg=1.18
relative_model_error:
[1.0, 0.7802360679188959, 0.5865260213641542, 0.5422256231467032, 0.5018561078933228, 0.37756926031099247, 0.33968240406689243, 0.33174198471405714, 0.3170263907340631, 0.2956341158915044, 0.2678154958652113, 0.26166956370346806, 0.2576967026726585, 0.247218574229471, 0.2323045106772245, 0.22040330515936765, 0.21843770055070674, 0.21507134038329295, 0.20854062690401853, 0.2027218278318256, 0.19785790385416904, 0.19524073089805632, 0.19068666063960835, 0.18732127621573433, 0.18460467086332646, 0.1816615508135862, 0.17835904006951175, 0.17276601470134018, 0.17077784595446585, 0.16943039236681728, 0.16721126604649067, 0.16334734188514907, 0.16193169543509722, 0.16039148903758782, 0.1584541592709028, 0.15455518190939302, 0.15371246783300085, 0.15323386370650208, 0.1516987080208495, 0.14885287942295153, 0.1481198386545978, 0.14740447838577683, 0.14623853155089275, 0.14437668621618702, 0.14302960709508125, 0.1419227299334036, 0.14123519169771812, 0.140037404042699, 0.1389336045767826, 0.13803055587030477, 0.13703391029122206]
J(q0)=171.726
relative_data_error(J):
[1.0, 0.37469049532394627, 0.2351775502835913, 0.0770762726669229, 0.055190070228154156, 0.017238391390936726, 0.011409862222377509, 0.006696365139815753, 0.0047593608422719915, 0.003221841771193646, 0.0025228212384845626, 0.001568475361913746, 0.0013620942664477132, 0.0010684811851437756, 0.0007971710748517988, 0.0006199061295319287, 0.0005187077087919127, 0.00044186436532615917, 0.0003596333694373595, 0.0003113721859240884, 0.0002591645994200063, 0.0002346389015058873, 0.000199825303099123, 0.00018322094499376913, 0.0001623138022198153, 0.00014433399718155666, 0.00012831487369414067, 0.0001142692428636316, 9.904790189022047e-05, 9.101359141888823e-05, 8.299849760665246e-05, 7.605487811979549e-05, 6.866811082771391e-05, 6.337130079312393e-05, 5.8050731980014675e-05, 5.417787638447294e-05, 4.7822286665967884e-05, 4.530076983100986e-05, 4.1413530857295925e-05, 3.929725260007221e-05, 3.531701664279142e-05, 3.350622503290125e-05, 3.152638505526245e-05, 2.848170923447818e-05, 2.709525639681819e-05, 2.5349393801753957e-05, 2.422091005438897e-05, 2.2592676705915238e-05, 2.1664686768456728e-05, 2.0414846907282532e-05, 1.9251190850540977e-05]
****************************************************************
****************************************************************
2023-03-14 20:08:30
N=64,m=32,k=[80.0]
gtol=1e-10,maxiter=50
q_method=T,maxq=0.1
noise_level=0.0
total_iter=50,t_avg=2.14
relative_model_error:
[1.0, 0.7788477847929259, 0.5740478884194298, 0.5264415857991193, 0.47721862133271653, 0.32319550196843644, 0.2740048131503229, 0.2645987994802222, 0.2437144161441418, 0.20910264496139006, 0.16913541024366854, 0.1622531618808418, 0.15740380619188946, 0.14567818901031657, 0.12928540905975167, 0.11707172515477707, 0.11681307589523995, 0.11518364099779445, 0.1102332393244141, 0.10262384634648775, 0.101844990915813, 0.10092377523436233, 0.09866084700844935, 0.09611257734914819, 0.09369657401350198, 0.09323533260950562, 0.09279026510419788, 0.09188905028090301, 0.09027771408686039, 0.08994695522424662, 0.08980601047688297, 0.0893849037704195, 0.08865442394070223, 0.08838588415146695, 0.0882568866998475, 0.08807744742598586, 0.08780498773466434, 0.08764450365396859, 0.08747607702446392, 0.0873710547184909, 0.08723095554123608, 0.08705734919242186, 0.0870181838580994, 0.08698661562776787, 0.08691435894368048, 0.08677736925514025, 0.08673395002409928, 0.08669372943622074, 0.08664474881138541, 0.08655497441080355, 0.08648357229351383]
J(q0)=170.797
relative_data_error(J):
[1.0, 0.37697090698314367, 0.2352465207234319, 0.08452431834282804, 0.060275648869710825, 0.01861800851303009, 0.012265320819452332, 0.007250537187421325, 0.005094954829417378, 0.0031946404210846796, 0.0024639894143339753, 0.0012755610461542065, 0.0010487245092126911, 0.0007684151360972382, 0.000493244026534424, 0.00038013431149259064, 0.0002722752741558692, 0.00022971012371411674, 0.00017122548990907335, 0.00016384069977809916, 9.830617633799189e-05, 8.54827660907393e-05, 6.819382073455622e-05, 5.112355603435658e-05, 3.897814364420921e-05, 3.194821923101694e-05, 2.686305965561456e-05, 2.1594348846876702e-05, 1.7372143538820938e-05, 1.34162778034743e-05, 1.2032588394409738e-05, 1.003717863896907e-05, 8.32860061944882e-06, 6.3320198832532196e-06, 5.645807596152157e-06, 4.968032225390376e-06, 4.02889395012793e-06, 3.662376973834435e-06, 3.0751418350439413e-06, 2.7272844370802766e-06, 2.3452168363612944e-06, 2.1821284917182386e-06, 1.8835049795956605e-06, 1.7482215729784482e-06, 1.6044953951181814e-06, 1.4985392015082233e-06, 1.3318910753701763e-06, 1.251778427021552e-06, 1.183317037184494e-06, 1.061458924922569e-06, 1.0005854903774655e-06]
****************************************************************
****************************************************************
2023-03-14 20:12:03
N=64,m=64,k=[80.0]
gtol=1e-10,maxiter=50
q_method=T,maxq=0.1
noise_level=0.0
total_iter=50,t_avg=4.07
relative_model_error:
[1.0, 0.7782792710480757, 0.5716630137976851, 0.523675273369078, 0.4721062256925877, 0.2996228711742202, 0.23917059877282504, 0.22654621179858714, 0.19890447568218714, 0.15983486556262488, 0.11992243121628954, 0.11681039341533989, 0.11348367751212222, 0.10447947579508524, 0.09662074346783796, 0.09337715618716451, 0.09325378351391062, 0.09282018337109536, 0.09149326897399056, 0.09013255306300837, 0.09003494019995827, 0.08988887541015131, 0.08954141972602564, 0.0890916428127535, 0.08868194408480726, 0.08855099875077678, 0.08837691628037606, 0.08819411323001938, 0.08804030535515582, 0.08784488371864987, 0.08771562128814718, 0.08761904913017804, 0.0874360302903421, 0.08727753952493905, 0.08728956563241523, 0.08724209515888952, 0.08714944692916311, 0.08700109936620913, 0.08687532744856206, 0.08670881590233268, 0.08661007346560066, 0.08650491209435757, 0.08640041320656401, 0.086388310225185, 0.08635979930164664, 0.08631294883015393, 0.08623628849903402, 0.08619045075643329, 0.08614079372294728, 0.0861149066648358, 0.08607598621997416]
J(q0)=170.613
relative_data_error(J):
[1.0, 0.37763241956943494, 0.2382239336979011, 0.0877617766524239, 0.0633433560162473, 0.019888519632149954, 0.01294227286314642, 0.007308176985341093, 0.004637688804487348, 0.0026004993757802746, 0.0023634306881656145, 0.0007880114645425612, 0.0006050769870994591, 0.000350830241540797, 0.00018064743014893354, 0.00011669919642700147, 7.458341392508191e-05, 6.028614466658461e-05, 3.849097079355032e-05, 3.4110061953075086e-05, 1.9671947624155254e-05, 1.7039557360810724e-05, 1.3808678119486791e-05, 1.0431502874927467e-05, 8.052024171663355e-06, 6.789986695034962e-06, 5.688499704008487e-06, 4.937736280353783e-06, 4.2351872366115125e-06, 3.639447169910851e-06, 3.284228048272992e-06, 2.96336152579229e-06, 2.5830563907791317e-06, 2.4527615128976103e-06, 2.2278314079231945e-06, 2.0761430840557283e-06, 1.9420442756413636e-06, 1.737499487143418e-06, 1.6171745412131548e-06, 1.3800999923804164e-06, 1.2291501819908213e-06, 1.084044006025332e-06, 1.023855157578848e-06, 9.156981003792207e-07, 8.414892182893448e-07, 7.820857730653585e-07, 6.908031627132751e-07, 6.578689783310768e-07, 5.992450751115096e-07, 5.651790895183837e-07, 5.277827598131444e-07]
****************************************************************
****************************************************************
2023-03-14 20:19:27
N=64,m=128,k=[80.0]
gtol=1e-10,maxiter=50
q_method=T,maxq=0.1
noise_level=0.0
total_iter=50,t_avg=8.54
relative_model_error:
[1.0, 0.7782697141017789, 0.571588182144037, 0.5236008494094965, 0.47197795440422796, 0.29866713269201495, 0.2376482855846977, 0.22483672865566062, 0.19693504021747005, 0.1577271846777197, 0.11817747550252192, 0.11509114197263179, 0.11190719557867912, 0.10322591186826283, 0.09581061117251263, 0.09293478629747114, 0.09278267893884679, 0.09234631802061483, 0.09113203586312817, 0.08989539862131375, 0.08984600456248569, 0.08972824793169851, 0.0894054871873553, 0.08900458925065255, 0.0886156881156123, 0.08846412854269178, 0.08828910675623394, 0.08812264261582896, 0.08793133400128193, 0.08771103640991926, 0.08764717748657794, 0.08755528936845261, 0.08744236688300597, 0.08724492848693843, 0.08713360246077125, 0.0870759555936565, 0.08696873387520677, 0.08679410456805797, 0.086650475251929, 0.08658020472019877, 0.08649944816572584, 0.08641926895869935, 0.08631465706624791, 0.08626056636646878, 0.08624990893046283, 0.08621211617338123, 0.08616157169391807, 0.08615019179854155, 0.0861256689117776, 0.08610472779115581, 0.08605676562356235]
J(q0)=170.613
relative_data_error(J):
[1.0, 0.3776464864928229, 0.23819697209474072, 0.08783211126936401, 0.0634465134544261, 0.01990704108127751, 0.012952002485156464, 0.007292117247806439, 0.0046041157473346115, 0.0025621728707660024, 0.002335027225357974, 0.0007570349269985288, 0.0005795068371108883, 0.0003313440359175444, 0.00017138084436707637, 0.00010439532743694794, 6.904045998839479e-05, 5.5061044586285924e-05, 3.4909707935503155e-05, 3.288436402853241e-05, 1.7948866733484553e-05, 1.5729633732482285e-05, 1.2756765310966924e-05, 9.844384660020046e-06, 7.678488743530681e-06, 6.505014272066021e-06, 5.488333245415062e-06, 4.749473955677469e-06, 4.026357897698299e-06, 3.564558386523887e-06, 3.180918218424153e-06, 2.8544366490244e-06, 2.594796410590049e-06, 2.3324365669673474e-06, 2.0669761389812033e-06, 1.932009870291244e-06, 1.7520704752861738e-06, 1.5691887488057767e-06, 1.3603242425840938e-06, 1.225070774208296e-06, 1.0961650050113415e-06, 9.73583490120917e-07, 8.486105982545292e-07, 7.693845134895933e-07, 7.234911759361831e-07, 6.544049984467772e-07, 6.206033537889844e-07, 5.839859799663566e-07, 5.543897592797736e-07, 5.317156371437112e-07, 4.864986841565414e-07]
