
****************************************************************
****************************************************************
2023-03-14 15:30:56
N=64,m=64,k=[10.0, 20.0, 40.0, 60.0, 80.0]
gtol=1e-10,maxiter=50
q_method=T,maxq=0.1
noise_level=0.0
total_iter=50,t_avg=19.27
relative_model_error:
[1.0, 0.758881786798027, 0.49423867163699087, 0.4166416752191506, 0.3801483171922806, 0.27757893460399313, 0.2324329544605561, 0.15583496082682563, 0.12241444463381301, 0.1108563930037921, 0.10734263506575159, 0.101759380786955, 0.09636341240796124, 0.09281904805767317, 0.09249091991802334, 0.09196881643914341, 0.09093509841874421, 0.09038359333266702, 0.08986955260845914, 0.08954978899591373, 0.08918437651051656, 0.08882003269207306, 0.08865076530304751, 0.08850313149783928, 0.08840482572647533, 0.08826172447849587, 0.08817271961590704, 0.08807449632136315, 0.08799595374603375, 0.08792051220411058, 0.08779879963072387, 0.08777507917982282, 0.08773766332172304, 0.08764525407339804, 0.08749697359205856, 0.08738416161250448, 0.08725892693404687, 0.08717995285789143, 0.08706012570185309, 0.08697879300719859, 0.0869334661237719, 0.08685124401916432, 0.08679584661191538, 0.08672034963159068, 0.0865807529675094, 0.08657884794013146, 0.08657042542621074, 0.08652648146834815, 0.086477095874386, 0.08632485088278179, 0.08631378711540856]
J(q0)=312.69
relative_data_error(J):
[1.0, 0.38741565128401934, 0.15111388275928236, 0.06744699222872494, 0.04487575554063129, 0.01695775368575906, 0.010027215453004572, 0.0029903034954747517, 0.0016366273305830055, 0.0006943362435639131, 0.00046872941251718955, 0.0002883402091528351, 0.00015647094566503567, 0.00010382935175413348, 6.104096709200806e-05, 4.695705011353097e-05, 3.0532252390546544e-05, 2.4764942914707856e-05, 1.7124852089929323e-05, 1.2906201029773897e-05, 9.050177492084813e-06, 6.006172247273658e-06, 5.0723400172695e-06, 4.023921455754901e-06, 3.5473791934503817e-06, 3.056055518244907e-06, 2.7219994243499953e-06, 2.462621126355176e-06, 2.288407048514503e-06, 2.13135693498353e-06, 2.013738846781157e-06, 1.9110588762032685e-06, 1.8279318174549874e-06, 1.7020243691835365e-06, 1.5329975374972018e-06, 1.4545908087882568e-06, 1.3278070932872814e-06, 1.2503661773641625e-06, 1.164188173590457e-06, 1.0905593399213279e-06, 1.027458505228821e-06, 9.581118679842656e-07, 9.19869519332246e-07, 8.729124692187151e-07, 8.585819821548498e-07, 7.823339409638939e-07, 7.612939332885605e-07, 7.276120118967668e-07, 6.920912085452045e-07, 6.72989222552688e-07, 6.155969170744187e-07]
****************************************************************
****************************************************************
2023-03-14 15:41:47
N=64,m=64,k=[40.0, 60.0, 80.0]
gtol=1e-10,maxiter=50
q_method=T,maxq=0.1
noise_level=0.0
total_iter=50,t_avg=12.59
relative_model_error:
[1.0, 0.7611893721903605, 0.5016420198138665, 0.42486220874311803, 0.3857381050098917, 0.2705265995544069, 0.224929577726311, 0.14646876742802142, 0.131410382850686, 0.12231395443512641, 0.10485175491208212, 0.09827423071702036, 0.09735053030761356, 0.09530697958047935, 0.09330453589396981, 0.09100286398315383, 0.09059401119339157, 0.09047343015510663, 0.08992808717361717, 0.08956465226676376, 0.08930877751166645, 0.08902946303386262, 0.08878108910938863, 0.08854141299228406, 0.08849900576445024, 0.08841682016357899, 0.08830477889808583, 0.08817362798515557, 0.08803772540116288, 0.08797356209500677, 0.08789839172287074, 0.08781938410137106, 0.08770944222683157, 0.08760606351642479, 0.08749548148145557, 0.08731429582582566, 0.08718565996235689, 0.0871539370986206, 0.08706967432915542, 0.08692791451555491, 0.08686625847260784, 0.08677657468443199, 0.08672351523638183, 0.08669174863267887, 0.0865933297651281, 0.08653881694246826, 0.08651461643957366, 0.0864353660450067, 0.0863859897605737, 0.08633797234313548, 0.08623526458341377]
J(q0)=298.854
relative_data_error(J):
[1.0, 0.3872727151050346, 0.15759267066862082, 0.06902735114805224, 0.04683725163457742, 0.01628494181105155, 0.00937146566550891, 0.0027369150153586704, 0.001766678712682447, 0.001146509666927664, 0.0004438722586948811, 0.00031992411010058427, 0.00018530486458270595, 0.00011747709583944001, 7.639014368219934e-05, 6.053524463450381e-05, 3.158287993468382e-05, 2.5733769666793822e-05, 1.7317988047675456e-05, 1.3958488091174958e-05, 1.0795672803442484e-05, 8.090271503811226e-06, 6.2899944454482795e-06, 5.16877806554371e-06, 4.310265213114096e-06, 3.7230219438254135e-06, 3.2633894811513316e-06, 2.9661674262348842e-06, 2.562097211347347e-06, 2.4116826276375756e-06, 2.2570352078272336e-06, 2.115364023904649e-06, 1.9586252819102304e-06, 1.8069458665435298e-06, 1.6622263714054355e-06, 1.5099279246722481e-06, 1.3728810723630938e-06, 1.3024286106259244e-06, 1.2040327383939984e-06, 1.1194429386924718e-06, 1.0387312868490968e-06, 9.71029332048425e-07, 9.422493926800377e-07, 9.0562615859249e-07, 8.288461924551788e-07, 7.993602227174473e-07, 7.682948864663013e-07, 7.092894858358932e-07, 6.852008003908264e-07, 6.535164327731936e-07, 6.065235867681209e-07]
****************************************************************
****************************************************************
2023-03-14 15:52:39
N=64,m=64,k=[60.0, 80.0, 100.0]
gtol=1e-10,maxiter=50
q_method=T,maxq=0.1
noise_level=0.0
total_iter=50,t_avg=12.61
relative_model_error:
[1.0, 0.7412020450246071, 0.6188634883795858, 0.42098222255002526, 0.3777703629626167, 0.33828040843361257, 0.21085209859111234, 0.15443792367873146, 0.11581768763528098, 0.09205092599756412, 0.08051586434788262, 0.05800739322553354, 0.04389075005192433, 0.0342438912683512, 0.028903678740331513, 0.023707068604358943, 0.01972576466627131, 0.018745719555320936, 0.017907084810149035, 0.0160392024117916, 0.014124258628973572, 0.013252939320034952, 0.013292526759217299, 0.01313144005006536, 0.012548990042586031, 0.011991339124060026, 0.011948341935809596, 0.011863535732588476, 0.011670468014101912, 0.011457213370572303, 0.011424037859395154, 0.011387915542120819, 0.011319480592537812, 0.011208000383208135, 0.01112996169570582, 0.011083219426737269, 0.01104983570496594, 0.01099380034757299, 0.010944005342022195, 0.010896067337760955, 0.010868851115953211, 0.01083941791612394, 0.010810368551686864, 0.010765131378794592, 0.010747042175235153, 0.010737007366676009, 0.010695257073800047, 0.010618738528351266, 0.010588614336575417, 0.010572407878771072, 0.010534617477187423]
J(q0)=600.552
relative_data_error(J):
[1.0, 0.4401833646378665, 0.2164908284378372, 0.10150911161731208, 0.04583383287375614, 0.033417922178262664, 0.010178868774061196, 0.0053113135914958235, 0.002517284098629261, 0.0014518592894537025, 0.000986915371191837, 0.00048658234424329614, 0.00027978926054696347, 0.00014514596571154538, 9.10091049567731e-05, 5.376770038231494e-05, 3.637403588698397e-05, 2.2954714995537437e-05, 1.761612649695613e-05, 1.0107118117998108e-05, 5.8858017290759165e-06, 4.478896082270977e-06, 3.105109965498408e-06, 2.620872130972838e-06, 1.7665580998814423e-06, 1.6743429378305292e-06, 1.037370619030492e-06, 8.745420879457565e-07, 6.724330282806485e-07, 6.049700941800209e-07, 4.4938156895655996e-07, 3.9369613289107356e-07, 3.3666693308822547e-07, 2.5573638918861313e-07, 2.195530112296687e-07, 1.8752081418428379e-07, 1.6779729315696225e-07, 1.410365796800277e-07, 1.2742493572579892e-07, 1.084973491054896e-07, 9.988810294529033e-08, 9.26174586047503e-08, 8.604284058666026e-08, 8.098665894044146e-08, 7.627965604976755e-08, 7.36847100667386e-08, 6.739100027974263e-08, 6.405456979578788e-08, 5.8224100494211985e-08, 5.57815143401404e-08, 5.28180740385512e-08]
