
****************************************************************
****************************************************************
2023-03-15 10:16:04
N=64,m=64,k=[20.0]
gtol=1e-10,maxiter=50
q_method=G,maxq=0.1
noise_level=0.0
total_iter=40,t_avg=6.02
relative_model_error:
[1.0, 0.7205610147105981, 0.5512405140345495, 0.17498233424826107, 0.07867470953048247, 0.026631487237399748, 0.02192247149519658, 0.021035053257114446, 0.020831504935350263, 0.020545121457919455, 0.020216414728958368, 0.0194080882904709, 0.019149013900711474, 0.01899007708152848, 0.018765855655626523, 0.018486705167949695, 0.01850851127966811, 0.01844745903749194, 0.018305987649306504, 0.01807345038426598, 0.017492428045086165, 0.017433678958450945, 0.01740497591172795, 0.01717755059382738, 0.016810135574248177, 0.01671109379708915, 0.01655251990058032, 0.016353280192467935, 0.01619642457839292, 0.016000859479641125, 0.015874101405752922, 0.01573764437200589, 0.015556916634029383, 0.015452561403012547, 0.015412056971049276, 0.015308751438045255, 0.015173918338728987, 0.015141530039485032, 0.015061163849284824, 0.014995038433475279, 0.014955238092841442]
J(q0)=1.25557
relative_data_error(J):
[1.0, 0.35635926312352156, 0.18278152552227275, 0.015014137005503476, 0.002640282899400272, 0.00015104932421131437, 4.814753458588529e-05, 5.4268738501238475e-06, 3.488120933122008e-06, 2.4803316422023464e-06, 1.9672499342927914e-06, 1.2169213982494007e-06, 9.995221293914318e-07, 8.463805283656028e-07, 7.284850705257372e-07, 7.159855683076213e-07, 6.127782600731142e-07, 5.741989693923875e-07, 5.339614676999291e-07, 4.726204034820838e-07, 4.5319894549885703e-07, 3.6437315322921064e-07, 3.451579760586825e-07, 3.092260885494237e-07, 2.895306514172846e-07, 2.5481813041088906e-07, 2.3180627125528642e-07, 2.1096633401562636e-07, 1.9883558861712211e-07, 1.7782361795837744e-07, 1.619153053991414e-07, 1.4425241125544573e-07, 1.3044354356985273e-07, 1.1692219470041494e-07, 1.0961873889946398e-07, 1.0072477042299512e-07, 9.576049125098559e-08, 8.958719943929848e-08, 8.370939095390938e-08, 8.006403466154814e-08, 7.864834298366479e-08]
****************************************************************
****************************************************************
2023-03-15 10:21:20
N=64,m=64,k=[20.0]
gtol=1e-10,maxiter=50
q_method=G,maxq=0.1
noise_level=0.1
total_iter=50,t_avg=6.07
relative_model_error:
[1.0, 0.7200384450091154, 0.5504294463514473, 0.1744525795769753, 0.07819466166615804, 0.028670564478695947, 0.025700004736032712, 0.024907223671821754, 0.02497541715034648, 0.025389923169640484, 0.026439762980336616, 0.03246692978503634, 0.0373740005639339, 0.04645362573338189, 0.05516996167164839, 0.0637805287649902, 0.07192058754599344, 0.06961649341511122, 0.06992024750252993, 0.07291845546262958, 0.08287816075930766, 0.08942930321086119, 0.0999121148011192, 0.10644929199016542, 0.11466738493994026, 0.12387756900157373, 0.1243879991474259, 0.12465384011740514, 0.12655995413770227, 0.12991994307120275, 0.13280579114609312, 0.13946445426445278, 0.14571043591060334, 0.1542177405865558, 0.16116249699659635, 0.1653624959690804, 0.16785778432640747, 0.17224373959380374, 0.1793251105274551, 0.183402091876911, 0.18783937196841977, 0.1893929014101389, 0.1917838332854, 0.19620367262726005, 0.2000126317328602, 0.2037201117416895, 0.20952025296812735, 0.21115006859193175, 0.21222601386935458, 0.2166550135755893, 0.2211978053558808]
J(q0)=1.27024
relative_data_error(J):
[1.0, 0.3646019649829953, 0.19265571860435823, 0.0268457929210228, 0.014536308099256833, 0.01205118717722635, 0.011946325103917368, 0.011903026199773271, 0.011900192089683839, 0.011897279254314145, 0.011893736616702356, 0.011884447033631439, 0.01188098312129991, 0.011873346769114498, 0.011867048746693538, 0.011862955032119914, 0.011860278372591005, 0.011857995339463408, 0.011855869756896334, 0.011854059075450308, 0.011848941932233278, 0.01184618654742411, 0.01184264390981232, 0.011840045975563672, 0.011836896964353194, 0.011835716085149262, 0.011832645799219044, 0.011831228744174329, 0.011829811689129614, 0.011829103161607256, 0.0118277648318428, 0.011825560523995464, 0.011823828567829701, 0.01182138808414158, 0.011820049754377124, 0.011818317798211362, 0.011816900743166646, 0.011815168787000882, 0.011813751731956165, 0.01181233467691145, 0.01181115379770752, 0.01181076017130621, 0.011810051643783851, 0.01180879203929966, 0.011807768610656254, 0.011806666456732586, 0.011805800478649703, 0.01180485577528656, 0.011804225973044462, 0.011803202544401058, 0.011802730192719485]
****************************************************************
****************************************************************
2023-03-15 10:26:25
N=64,m=64,k=[20.0]
gtol=1e-10,maxiter=50
q_method=G,maxq=0.1
noise_level=0.3
total_iter=50,t_avg=5.82
relative_model_error:
[1.0, 0.7208970832508995, 0.5516768995236784, 0.17548194664761088, 0.08433650394827959, 0.04746669802158785, 0.04921236791303527, 0.04953855569843276, 0.05160731432839855, 0.058654489335486705, 0.07414471481571608, 0.10406085603559052, 0.12211829274492644, 0.1352794912955366, 0.14338495692115047, 0.1532694246302566, 0.1726378810643823, 0.18036018821312635, 0.1921727977923145, 0.200612531308288, 0.24069394830593402, 0.26089238663595, 0.27937817072457144, 0.30637615893989617, 0.3270009126547306, 0.37503917845414925, 0.3930819748849063, 0.39294549379002586, 0.4010375927855719, 0.4103596094673251, 0.42696426962343986, 0.45529746645290314, 0.4800729468597345, 0.5093831898256933, 0.5310845824942857, 0.5327423776582785, 0.5378716722247499, 0.5553120389466981, 0.5769322709769804, 0.5969998724572305, 0.6072713365390969, 0.6301038200885393, 0.6292652771845803, 0.6303367918650068, 0.6352865908266211, 0.6417083316052653, 0.6915282918079353, 0.6751715107625085, 0.6758427801179799, 0.6898385003161782, 0.7117375554550193]
J(q0)=1.38293
relative_data_error(J):
[1.0, 0.41936902084704214, 0.26240952181238386, 0.1099260266246303, 0.09873890941696253, 0.09645752134959833, 0.09633242463465252, 0.09628325367155242, 0.09626372990679209, 0.0962282978892641, 0.09617695761896843, 0.09610464737911535, 0.09607572328317414, 0.09604462988003731, 0.09602365991047992, 0.09600485924811812, 0.09598461238095926, 0.09596147310420629, 0.09594339554424301, 0.09592965659867095, 0.09588265494276645, 0.09585806946121639, 0.0958320377748693, 0.09580094437173248, 0.09577925129977656, 0.09575828133021916, 0.09572935723427795, 0.09571778759590145, 0.09570621795752497, 0.09569175590955435, 0.09568018627117786, 0.09566500112080872, 0.09564547735604839, 0.09562956910328071, 0.0956078760313248, 0.09559702949534683, 0.0955796750377821, 0.09556232058021737, 0.09555147404423942, 0.09553845820106585, 0.09553122717708055, 0.0955276116650879, 0.09551676512910992, 0.09551170341232022, 0.09550664169553051, 0.09550013377394373, 0.09549507205715402, 0.09548133311158193, 0.09547699449719074, 0.09546831726840839, 0.09546397865401719]
****************************************************************
****************************************************************
2023-03-15 10:31:22
N=64,m=64,k=[20.0]
gtol=1e-10,maxiter=50
q_method=G,maxq=0.1
noise_level=0.5
total_iter=50,t_avg=5.65
relative_model_error:
[1.0, 0.7183935507713017, 0.5475150657029361, 0.17304922640646553, 0.08899704181694523, 0.06762204093339677, 0.07465876555161528, 0.07781156962601946, 0.08909139019155143, 0.1099340325126378, 0.15891208057121323, 0.2428512651241437, 0.26777458872879156, 0.27674882308554105, 0.30445526553931096, 0.34869141892264544, 0.34985593895318884, 0.36033309206161207, 0.384371466819308, 0.41198514717696805, 0.49305250406702045, 0.4944609227060823, 0.4949212225525698, 0.5163818829151495, 0.5564675682843037, 0.6092308953303267, 0.6355358439688001, 0.6683491801773084, 0.6994090018034295, 0.7202054904162992, 0.7408762276490424, 0.7492629714515183, 0.7642814509720058, 0.7948170063916045, 0.8610437737465865, 0.9010934119160076, 0.9290516748873936, 0.9496139348437869, 0.9536422186367276, 0.9685545672347329, 1.0083064147641492, 1.058642271099422, 1.0548031795931982, 1.061757820737176, 1.0790542048256904, 1.1048092190390768, 1.1357181299303283, 1.1540309003698033, 1.15870237182319, 1.1650304035414678, 1.1778090567086226]
J(q0)=1.63115
relative_data_error(J):
[1.0, 0.5085694142169634, 0.3735879594151365, 0.2429641663856788, 0.2332023419060172, 0.23113263648346258, 0.23096526990160315, 0.23089415443092295, 0.23080403396376786, 0.23069674769334517, 0.23050363240658428, 0.23041105968181955, 0.2301946479477669, 0.23010697973822147, 0.230030959752322, 0.2300211507218833, 0.22994022622076446, 0.22990282929221714, 0.2298550102688287, 0.22978328173374613, 0.22972442755111425, 0.2296471814364099, 0.22960794531465528, 0.22955215645403548, 0.22950801581706154, 0.22942893050914995, 0.22938969438739537, 0.22934432762161663, 0.22929344327621615, 0.22927259908653402, 0.22922907151396252, 0.2292045489378659, 0.22917021733133064, 0.2291254636299543, 0.2290543481592741, 0.22902062961714126, 0.22898384575299632, 0.2289593231768997, 0.22893725285841277, 0.22890046899426783, 0.22885878061490358, 0.22884345400484318, 0.22881402691352726, 0.22880237868988137, 0.22878337369340648, 0.22875333353768812, 0.2287404591852374, 0.228717775802348, 0.22870674064310456, 0.22869080096864175, 0.2286767004873862]
