
****************************************************************
****************************************************************
2023-03-15 10:56:52
N=64,m=64,k=[20.0]
gtol=1e-10,maxiter=50
q_method=MG,maxq=0.1
noise_level=0.0
total_iter=50,t_avg=5.61
relative_model_error:
[1.0, 0.5379457300857594, 0.37176487726251073, 0.28307705692998425, 0.12236364424943973, 0.04561161336679432, 0.02666928183311504, 0.021780409970379118, 0.02054141423119815, 0.020326034338607968, 0.02012652455159998, 0.019809925336549246, 0.019363097342032475, 0.01913006511565805, 0.019045773785647226, 0.018791046694532156, 0.018574581297182383, 0.018482696977296823, 0.018243287322959528, 0.01808158401286131, 0.01778056690349739, 0.017674299451145216, 0.017592636028381327, 0.017412975600292126, 0.017201251081604422, 0.0171766876414615, 0.017077807911356626, 0.016927584811085816, 0.016615600697925482, 0.01649226573972712, 0.016293503226469334, 0.016137195319114932, 0.01610309948566881, 0.016071401263514532, 0.01597223478506891, 0.015811833548522763, 0.01564721488210051, 0.01546282262592082, 0.01540493954581235, 0.015251789756761147, 0.015121227455852933, 0.015029713005683126, 0.014820819770381745, 0.014714842532150094, 0.014682508021215708, 0.014588234060464006, 0.014461123724610012, 0.01428385175756362, 0.013977638691295789, 0.01390644419341794, 0.013861489952526973]
J(q0)=1.8444
relative_data_error(J):
[1.0, 0.7091574495770983, 0.10186890045543266, 0.054977770548687924, 0.010011168943829972, 0.0009934829754933855, 0.0001716991975710258, 4.1787410540013014e-05, 8.855074821080025e-06, 4.3317013662979824e-06, 3.212405118195619e-06, 2.3177130774235526e-06, 1.737518976360876e-06, 1.2810073736716546e-06, 1.127450661461722e-06, 9.516916070266753e-07, 8.148612014747343e-07, 7.218390804597701e-07, 5.862014747343309e-07, 5.222896334851442e-07, 4.5716655823031876e-07, 4.031961613532856e-07, 3.6666341357623077e-07, 3.304651919323357e-07, 3.109547820429408e-07, 2.936429191064845e-07, 2.7472782476686183e-07, 2.556273042723921e-07, 2.2269301669919756e-07, 2.1390696161353286e-07, 1.9652949468661895e-07, 1.9023964432877898e-07, 1.8049392756451961e-07, 1.735659292995012e-07, 1.6497126436781607e-07, 1.5414443721535456e-07, 1.468076339188896e-07, 1.3756397744523964e-07, 1.332948384298417e-07, 1.2723324658425503e-07, 1.216108219475168e-07, 1.1619279982650183e-07, 1.1006180871828237e-07, 1.0706625460854478e-07, 1.0469800477119931e-07, 1.011261114725656e-07, 9.732270657124267e-08, 9.299067447408372e-08, 8.880069399262633e-08, 8.181359791802212e-08, 7.877575363261765e-08]
****************************************************************
****************************************************************
2023-03-15 11:01:46
N=64,m=64,k=[20.0]
gtol=1e-10,maxiter=50
q_method=MG,maxq=0.1
noise_level=0.1
total_iter=50,t_avg=5.59
relative_model_error:
[1.0, 0.5377564842877072, 0.37197751100440185, 0.2837017474622624, 0.12239406850527687, 0.046145252017597206, 0.028280242467117717, 0.02473521723527333, 0.02459881624829907, 0.024641826742541617, 0.025050885973606427, 0.02657588536791338, 0.030448963645407515, 0.03760603175192066, 0.03604612726119694, 0.036232881607158526, 0.038220559058265484, 0.0429250128293352, 0.04634156915474548, 0.05241430460769236, 0.055648769563967374, 0.06777770151566705, 0.07588320648102734, 0.08311015519331252, 0.08716201617315542, 0.09223536652124914, 0.095895853666402, 0.10371008153358173, 0.11391952001767501, 0.11658243536726741, 0.11701326383197094, 0.1213910432222674, 0.12865666272080972, 0.13267997574968096, 0.13945963907182668, 0.142612881107631, 0.1465348249554454, 0.15066691334046264, 0.15123927068613896, 0.1522028955519144, 0.15473973290506288, 0.15775204693050252, 0.1612179693547413, 0.1656336658305705, 0.1708374586379072, 0.17654866439331168, 0.18882606791624043, 0.19057267115445295, 0.19253593993036955, 0.19692131618888248, 0.2098031991313116]
J(q0)=1.86467
relative_data_error(J):
[1.0, 0.712420964567457, 0.11288538990813386, 0.06683595488745998, 0.02238299538256099, 0.013548027264877967, 0.0127317970471987, 0.012603946006531986, 0.012570588897767432, 0.012562705465310214, 0.01255879056347772, 0.012552569623579507, 0.012545383365421226, 0.012543667244069995, 0.012537928963301817, 0.012536051955573908, 0.012533209629585932, 0.0125300455308446, 0.012526774174518815, 0.012522912901478545, 0.012520553234620604, 0.012512777059747838, 0.012509720218590956, 0.012505000884875071, 0.012501890414925965, 0.01249904808893799, 0.012496205762950012, 0.01249250537628642, 0.012491593686818578, 0.012488804989622827, 0.012487786042570535, 0.012485480004504819, 0.01248306670885465, 0.012481725989049001, 0.012479688094944413, 0.01247802560238541, 0.012475934079488596, 0.012474968761228528, 0.012472716351955038, 0.012471375632149388, 0.012470088541135963, 0.012469552253213705, 0.012468479677369184, 0.012467407101524667, 0.01246628089688792, 0.012464993805874498, 0.012463653086068848, 0.012462097851094296, 0.012460810760080872, 0.012459577297859674, 0.012457861176508442]
****************************************************************
****************************************************************
2023-03-15 11:06:58
N=64,m=64,k=[20.0]
gtol=1e-10,maxiter=50
q_method=MG,maxq=0.1
noise_level=0.3
total_iter=50,t_avg=5.94
relative_model_error:
[1.0, 0.5420251806237332, 0.37601509202720956, 0.2862878633081792, 0.12783843930188882, 0.05521675239441839, 0.042594046353455435, 0.04159182768982232, 0.04322656266168572, 0.04560085467347444, 0.05155860876581295, 0.06670848820532164, 0.0845295536647995, 0.10545842693450469, 0.11890110546214887, 0.13648271089203157, 0.14757048143632337, 0.15822510258933672, 0.17658059256672493, 0.1962228693536831, 0.22762379147695544, 0.24748089822737787, 0.27105020069816554, 0.2945386004235171, 0.2992095305687888, 0.32317672878886256, 0.34364733187719315, 0.38177886768508984, 0.38591532435074266, 0.38300062528433615, 0.387866202323161, 0.40909911506260377, 0.4317505947784017, 0.457824630786376, 0.47337328212557955, 0.4932230582629189, 0.5076596108427853, 0.5335451350096969, 0.5427853147392034, 0.5536060329751077, 0.5608811873838344, 0.5682209805298623, 0.5876480031988841, 0.6031004915697151, 0.6221107995919274, 0.6513533283830807, 0.6492100950611338, 0.6500555131158285, 0.6579715796364796, 0.6738728370080376, 0.6901261710114519]
J(q0)=2.05132
relative_data_error(J):
[1.0, 0.7473041748727649, 0.19358461868455434, 0.1504748162159, 0.10996821558801162, 0.10147466021878596, 0.10069857457637034, 0.1005381900434842, 0.100480666107677, 0.10045970399547609, 0.10042899206364682, 0.10037390558274671, 0.10033831874110329, 0.10028128229627752, 0.10024472047267126, 0.10021352104986057, 0.10018378409999415, 0.10015550962307197, 0.10012187274535421, 0.10009311077745062, 0.10005508648090011, 0.10001559971140535, 0.09997075054111498, 0.09994930093793264, 0.09992980129867597, 0.09988933954721838, 0.09986301503422187, 0.09984595284987227, 0.09982596571963419, 0.09981914084589436, 0.09980207866154475, 0.09977039174775267, 0.09975771698223583, 0.0997367548700349, 0.09972359261353665, 0.09970896788409414, 0.0996962931185773, 0.09967776846128347, 0.0996641187138038, 0.09965046896632412, 0.09964656903847278, 0.09963828169178869, 0.09962170699842053, 0.09961049470584793, 0.0995978199403311, 0.09959294503051694, 0.0995749078642045, 0.09956808299046468, 0.09955979564378059, 0.09954760836924517, 0.09954127098648675]
****************************************************************
****************************************************************
2023-03-15 11:12:05
N=64,m=64,k=[20.0]
gtol=1e-10,maxiter=50
q_method=MG,maxq=0.1
noise_level=0.5
total_iter=50,t_avg=5.86
relative_model_error:
[1.0, 0.53480666254743, 0.36838467364761784, 0.28118398555553353, 0.12723790466569304, 0.06975363308686088, 0.06392973927741033, 0.0657336655440301, 0.07323022916721815, 0.07991403276544151, 0.09759978269920024, 0.1294644887430688, 0.15099920110754633, 0.1754573965423379, 0.20194359537978537, 0.2504688965662787, 0.2673967090822209, 0.2748713937469125, 0.28836493822625947, 0.3089512129482901, 0.36411301296575876, 0.3795747841477798, 0.4119452639382392, 0.43561328935173493, 0.4685862045604316, 0.5049894966505712, 0.5183238861694157, 0.5354449632845028, 0.555983052284833, 0.5627954025879724, 0.5809164042102543, 0.6236596808835698, 0.6685684270021391, 0.7537922723462852, 0.7816230274799597, 0.7599758307662111, 0.7471147441880294, 0.7735737136229186, 0.8040907529205521, 0.8488374572346142, 0.8855291274122062, 0.9045371947500336, 0.9153935437218601, 0.9101369050681073, 0.9063199229511247, 0.9066299792412827, 0.9235465693536348, 0.9364651255296574, 0.9611594423967343, 0.9846279526935312, 1.0187933705506085]
J(q0)=2.42721
relative_data_error(J):
[1.0, 0.7722281961593764, 0.3154704372510001, 0.28014139691250445, 0.24591073701904656, 0.23914370820818961, 0.2384540274636311, 0.23830982898059913, 0.2382266058561064, 0.23815285863192717, 0.23804079581082807, 0.2379089571977703, 0.2378525137915549, 0.23776269873640926, 0.23766629175061077, 0.23759542849609222, 0.23748995760564598, 0.23744134211708096, 0.2374013785374978, 0.2373449351312824, 0.2372328723101833, 0.23719950066125306, 0.23713893729837962, 0.23708290588783007, 0.2370206945422934, 0.2369683710927361, 0.23692346356516328, 0.23688267599424853, 0.23687443608093242, 0.23684065243633634, 0.23680892877006932, 0.23676360924683074, 0.23671252178427082, 0.23667173421335605, 0.23660787488515617, 0.2365864511105343, 0.2365419555786273, 0.23650981991669445, 0.23647274030677196, 0.2364459605884946, 0.23642865677053077, 0.23641506091355918, 0.23639528512160052, 0.23637015338598638, 0.2363573815203464, 0.23633224978473227, 0.23631782993642908, 0.23630176210546264, 0.236284046291833, 0.23626880245219822, 0.23626262251721114]
