
****************************************************************
****************************************************************
2023-03-14 20:24:17
N=64,m=16,k=[20.0]
gtol=1e-10,maxiter=50
q_method=MG,maxq=0.1
noise_level=0.0
total_iter=50,t_avg=1.13
relative_model_error:
[1.0, 0.5382465240341413, 0.37252630446988, 0.28519990371909987, 0.1304979241335124, 0.06019564967384711, 0.040707997352089395, 0.03212626413283329, 0.026330139534513033, 0.024529382821608766, 0.0232115564591805, 0.022001674415448, 0.02123470531732415, 0.021221349931446094, 0.021012150464342367, 0.02040705956893739, 0.019789480420519475, 0.019527318396832975, 0.01932458693917762, 0.019206328146429634, 0.018930385201075536, 0.018566668608547755, 0.018141838988677963, 0.018123183048619117, 0.018050562470307917, 0.017847868339846345, 0.017508386379351898, 0.01745532177574523, 0.017428511803254953, 0.017306129428509925, 0.01719974491649421, 0.01715037780586748, 0.016943681321132244, 0.016789507163703584, 0.01657728161866956, 0.0164452302026731, 0.01624799532799906, 0.016247752272396547, 0.016225835810216478, 0.016131686793920078, 0.016020508559904872, 0.015725635202683413, 0.015627153076453112, 0.015644536284280888, 0.0156350932615058, 0.015573710890111182, 0.015489657348013545, 0.015261691693315364, 0.015100405701041585, 0.014939510540304913, 0.014785653174447657]
J(q0)=1.84423
relative_data_error(J):
[1.0, 0.7072002949740542, 0.10088166877233316, 0.05439831257489575, 0.010162506845675432, 0.0012832781160701215, 0.0003608259273517945, 0.00014862137585875947, 5.6025549958519276e-05, 2.4043096576891168e-05, 1.2503321169268476e-05, 6.619781697510614e-06, 5.806325675214046e-06, 3.948422919050227e-06, 3.3435417491310737e-06, 2.344951551596059e-06, 1.61840985126584e-06, 1.3865895251676852e-06, 1.186045124523514e-06, 1.0802231825748415e-06, 8.89303394912782e-07, 7.177087456553683e-07, 6.190767962781214e-07, 5.133177532086562e-07, 4.5777045162479733e-07, 3.844059580421097e-07, 3.759775082283663e-07, 3.0084750817414316e-07, 2.892714032414612e-07, 2.7465988515532224e-07, 2.5976098425901327e-07, 2.482602495350363e-07, 2.1878344891906107e-07, 2.0281689377138427e-07, 1.8349121313502112e-07, 1.6780390732175488e-07, 1.622801928175987e-07, 1.4778308562381047e-07, 1.4344523188539392e-07, 1.3751104797124004e-07, 1.3136376699218642e-07, 1.26144786713154e-07, 1.1988417930518428e-07, 1.1679128958969325e-07, 1.1481160158982339e-07, 1.1225443681102682e-07, 1.093724752335663e-07, 1.0246986547231095e-07, 9.897789321288558e-08, 9.372746349424963e-08, 8.881484413549285e-08]
****************************************************************
****************************************************************
2023-03-14 20:26:05
N=64,m=32,k=[20.0]
gtol=1e-10,maxiter=50
q_method=MG,maxq=0.1
noise_level=0.0
total_iter=50,t_avg=2.01
relative_model_error:
[1.0, 0.5379457287444246, 0.3717649144871978, 0.2830771407107508, 0.12236366210748797, 0.045611608142830745, 0.02666925315729011, 0.02178036812896939, 0.020541376181818442, 0.020326003785582858, 0.02012650239737972, 0.019809930917615185, 0.01936313407475306, 0.019130124376626822, 0.0190458308564223, 0.018791098089920355, 0.018574643061202812, 0.018482771675743134, 0.01824339088505456, 0.018081692816858095, 0.01778064061964615, 0.01767430314675982, 0.01759258878948369, 0.017412897647598975, 0.017201261524164242, 0.017176699980618677, 0.017077779903228698, 0.016927527340757875, 0.01661540353463319, 0.016492254868850482, 0.016293497234824685, 0.016137715535492276, 0.01610457343332554, 0.016072720088296032, 0.015973506684847285, 0.015811911918184637, 0.01564807117607421, 0.015464007718854438, 0.015405444129021513, 0.015252680187592633, 0.015122742218346143, 0.015030972345016148, 0.014823607630459907, 0.014717288461030716, 0.014684756007352596, 0.014594165649561015, 0.014467781242201773, 0.014291989995296711, 0.01398668674426839, 0.013894303445444248, 0.01383901014261066]
J(q0)=1.8444
relative_data_error(J):
[1.0, 0.7091574495770983, 0.10186890045543266, 0.054977770548687924, 0.010011168943829972, 0.0009934883973107785, 0.00017170028193450444, 4.17875731945348e-05, 8.85464107568857e-06, 4.331462806332683e-06, 3.212182823682498e-06, 2.3175721101713292e-06, 1.7374376490999782e-06, 1.280963999132509e-06, 1.1274181305573626e-06, 9.516644979397094e-07, 8.148395142051615e-07, 7.218282368249837e-07, 5.862177401865105e-07, 5.223178269355888e-07, 4.5718824549989155e-07, 4.032102580785079e-07, 3.6666449793970935e-07, 3.304651919323357e-07, 3.1095586640641944e-07, 2.936559314682282e-07, 2.747381262199089e-07, 2.556359791802212e-07, 2.226962697896335e-07, 2.139205161570158e-07, 1.9658100195185426e-07, 1.9029603122966817e-07, 1.8061808718282368e-07, 1.7365918455866406e-07, 1.6505963999132507e-07, 1.5415744957709825e-07, 1.4685751463890696e-07, 1.3762687052700063e-07, 1.3333604424202992e-07, 1.2729342875731944e-07, 1.2166937757536327e-07, 1.162459336369551e-07, 1.1013391888961179e-07, 1.071551724137931e-07, 1.0477282585122533e-07, 1.0133376707872479e-07, 9.75542181739319e-08, 9.31527868141401e-08, 8.79559748427673e-08, 8.144762524398178e-08, 7.832465842550422e-08]
****************************************************************
****************************************************************
2023-03-14 20:29:32
N=64,m=64,k=[20.0]
gtol=1e-10,maxiter=50
q_method=MG,maxq=0.1
noise_level=0.0
total_iter=50,t_avg=3.94
relative_model_error:
[1.0, 0.5379457300857594, 0.37176487726251073, 0.28307705692998425, 0.12236364424943973, 0.04561161336679432, 0.02666928183311504, 0.021780409970379118, 0.02054141423119815, 0.020326034338607968, 0.02012652455159998, 0.019809925336549246, 0.019363097342032475, 0.01913006511565805, 0.019045773785647226, 0.018791046694532156, 0.018574581297182383, 0.018482696977296823, 0.018243287322959528, 0.01808158401286131, 0.01778056690349739, 0.017674299451145216, 0.017592636028381327, 0.017412975600292126, 0.017201251081604422, 0.0171766876414615, 0.017077807911356626, 0.016927584811085816, 0.016615600697925482, 0.01649226573972712, 0.016293503226469334, 0.016137195319114932, 0.01610309948566881, 0.016071401263514532, 0.01597223478506891, 0.015811833548522763, 0.01564721488210051, 0.01546282262592082, 0.01540493954581235, 0.015251789756761147, 0.015121227455852933, 0.015029713005683126, 0.014820819770381745, 0.014714842532150094, 0.014682508021215708, 0.014588234060464006, 0.014461123724610012, 0.01428385175756362, 0.013977638691295789, 0.01390644419341794, 0.013861489952526973]
J(q0)=1.8444
relative_data_error(J):
[1.0, 0.7091574495770983, 0.10186890045543266, 0.054977770548687924, 0.010011168943829972, 0.0009934829754933855, 0.0001716991975710258, 4.1787410540013014e-05, 8.855074821080025e-06, 4.3317013662979824e-06, 3.212405118195619e-06, 2.3177130774235526e-06, 1.737518976360876e-06, 1.2810073736716546e-06, 1.127450661461722e-06, 9.516916070266753e-07, 8.148612014747343e-07, 7.218390804597701e-07, 5.862014747343309e-07, 5.222896334851442e-07, 4.5716655823031876e-07, 4.031961613532856e-07, 3.6666341357623077e-07, 3.304651919323357e-07, 3.109547820429408e-07, 2.936429191064845e-07, 2.7472782476686183e-07, 2.556273042723921e-07, 2.2269301669919756e-07, 2.1390696161353286e-07, 1.9652949468661895e-07, 1.9023964432877898e-07, 1.8049392756451961e-07, 1.735659292995012e-07, 1.6497126436781607e-07, 1.5414443721535456e-07, 1.468076339188896e-07, 1.3756397744523964e-07, 1.332948384298417e-07, 1.2723324658425503e-07, 1.216108219475168e-07, 1.1619279982650183e-07, 1.1006180871828237e-07, 1.0706625460854478e-07, 1.0469800477119931e-07, 1.011261114725656e-07, 9.732270657124267e-08, 9.299067447408372e-08, 8.880069399262633e-08, 8.181359791802212e-08, 7.877575363261765e-08]
****************************************************************
****************************************************************
2023-03-14 20:37:44
N=64,m=128,k=[20.0]
gtol=1e-10,maxiter=50
q_method=MG,maxq=0.1
noise_level=0.0
total_iter=50,t_avg=9.49
relative_model_error:
[1.0, 0.5379457300857576, 0.3717648772625083, 0.28307705692998164, 0.12236364424944846, 0.045611613366796186, 0.026669281833113137, 0.02178040997037859, 0.020541414231198117, 0.02032603433860821, 0.020126524551600324, 0.019809925336549537, 0.019363097342033543, 0.019130065115664632, 0.019045773785650314, 0.018791046694525967, 0.018574581297142415, 0.018482696977275566, 0.018243287323020267, 0.01808158401298113, 0.017780566903188164, 0.017674299451167733, 0.017592636028870796, 0.01741297560079248, 0.017201251081644584, 0.017176687641973297, 0.017077807912932695, 0.016927584813163876, 0.016615600701805358, 0.016492265738557596, 0.016293503222685118, 0.016137195301281673, 0.01610309944218391, 0.016071401222789758, 0.0159722347439056, 0.015811833534161126, 0.01564721486536888, 0.015462822609724342, 0.015404939538410423, 0.015251789728943005, 0.015121227420324457, 0.01502971298611877, 0.014820819734921876, 0.014714842499306893, 0.014682507984416978, 0.014588233915464476, 0.01446112356738603, 0.014283851547624776, 0.013977638461183531, 0.013906444463499684, 0.013861490432752166]
J(q0)=1.8444
relative_data_error(J):
[1.0, 0.7091574495770983, 0.10186890045543266, 0.054977770548687924, 0.010011168943829972, 0.0009934829754933855, 0.0001716991975710258, 4.1787410540013014e-05, 8.855074821080025e-06, 4.3317013662979824e-06, 3.212405118195619e-06, 2.3177130774235526e-06, 1.737518976360876e-06, 1.2810073736716546e-06, 1.127450661461722e-06, 9.516916070266753e-07, 8.148612014747343e-07, 7.218390804597701e-07, 5.862014747343309e-07, 5.222896334851442e-07, 4.5716655823031876e-07, 4.031961613532856e-07, 3.6666341357623077e-07, 3.304651919323357e-07, 3.109547820429408e-07, 2.936429191064845e-07, 2.7472782476686183e-07, 2.556273042723921e-07, 2.2269301669919756e-07, 2.1390696161353286e-07, 1.9652949468661895e-07, 1.9023964432877898e-07, 1.8049392756451961e-07, 1.735659292995012e-07, 1.6497126436781607e-07, 1.5414443721535456e-07, 1.468076339188896e-07, 1.3756397744523964e-07, 1.332948384298417e-07, 1.2723324658425503e-07, 1.216108219475168e-07, 1.1619279982650183e-07, 1.1006180871828237e-07, 1.0706625460854478e-07, 1.0469800477119931e-07, 1.011261114725656e-07, 9.732270657124267e-08, 9.299067447408372e-08, 8.880069399262633e-08, 8.181359791802212e-08, 7.877629581435697e-08]
