
****************************************************************
****************************************************************
2023-03-14 19:29:22
N=64,m=16,k=[20.0]
gtol=1e-10,maxiter=50
q_method=G,maxq=0.1
noise_level=0.0
total_iter=45,t_avg=1.13
relative_model_error:
[1.0, 0.7206581805570579, 0.5517645227219736, 0.18277032919912828, 0.09374821088057046, 0.04489719988255326, 0.03134429537224017, 0.027703469187952016, 0.024895139627430105, 0.023016964402523647, 0.02127215636025155, 0.020516748911132452, 0.020505656341995783, 0.020357336014868225, 0.019868799104908984, 0.019731270319989377, 0.019552533090146703, 0.019383123309332846, 0.019193529980888652, 0.018934167791491277, 0.018753327502863702, 0.018604271808502826, 0.01816354351070328, 0.01795629814236338, 0.017854684815375964, 0.017538542628352822, 0.017280354462301504, 0.017029317861626106, 0.01678133081151532, 0.016741152004877524, 0.016743215933246902, 0.01664005244351048, 0.016394693852290615, 0.01635280712908089, 0.016268667797184153, 0.01616361045519565, 0.01600919255514355, 0.015785077011037048, 0.015607545887757238, 0.015659431377905885, 0.01565615326055287, 0.015601074481058987, 0.01554041023538869, 0.01545631600399685, 0.015386044104826808, 0.015210070743527114]
J(q0)=1.25557
relative_data_error(J):
[1.0, 0.3558089154726538, 0.18195799517350683, 0.015028074898253384, 0.0029795391734431373, 0.0003837746999370804, 0.00012620881352692402, 4.786511305622147e-05, 2.2172479431652555e-05, 1.0555285647156271e-05, 4.259300556719259e-06, 3.98210374570912e-06, 2.1884403099787344e-06, 1.830801946526279e-06, 1.2328026314741512e-06, 1.1167676832036445e-06, 9.440572807569471e-07, 8.100384685839896e-07, 6.956824390515861e-07, 6.156510588816235e-07, 5.516227689415962e-07, 5.019656411032439e-07, 4.3365244470638836e-07, 3.768503548189268e-07, 3.4473665347212815e-07, 2.871898818863146e-07, 2.501716351935774e-07, 2.2726888982693118e-07, 2.0296678002819435e-07, 1.8944941341382796e-07, 1.8257683761160268e-07, 1.633154662822463e-07, 1.5522750623222917e-07, 1.3876645666908255e-07, 1.3072628367992226e-07, 1.2339973079955718e-07, 1.1120686222193904e-07, 9.92656721648335e-08, 9.216770072556687e-08, 8.717474931704324e-08, 8.424062378043437e-08, 8.175171436080824e-08, 7.899798497893387e-08, 7.685146985034684e-08, 7.459002684039918e-08, 7.362831224065564e-08]
****************************************************************
****************************************************************
2023-03-14 19:30:52
N=64,m=32,k=[20.0]
gtol=1e-10,maxiter=50
q_method=G,maxq=0.1
noise_level=0.0
total_iter=40,t_avg=2.08
relative_model_error:
[1.0, 0.7205610494822808, 0.5512405341030029, 0.17498238303339414, 0.07867470683090078, 0.02663145479157753, 0.02192245413306179, 0.021035048973722544, 0.02083151073405027, 0.0205451434799299, 0.0202164470578526, 0.01940809452895842, 0.01914902009370483, 0.018990056301370548, 0.018765851739999298, 0.01848673694187854, 0.018508532958645123, 0.018447477221394542, 0.01830600884575264, 0.018073459816299285, 0.017492311424745437, 0.017433592517044363, 0.0174049038433077, 0.01717753719225689, 0.016810171010169846, 0.016711186978204572, 0.016552613202498654, 0.01635338219021245, 0.016196535387292307, 0.016000912973065398, 0.015874115926940147, 0.015737575597069085, 0.015556787728027063, 0.015452383995811819, 0.015411910789710116, 0.015308679297526691, 0.015173979726115418, 0.015141492906560753, 0.015060903839544023, 0.014994789442201242, 0.014955071187650115]
J(q0)=1.25557
relative_data_error(J):
[1.0, 0.35635926312352156, 0.18278152552227275, 0.015014137005503476, 0.002640282899400272, 0.00015104932421131437, 4.814649919956673e-05, 5.426603056778992e-06, 3.487961642919152e-06, 2.4802838551414894e-06, 1.9672419697826484e-06, 1.216905469229115e-06, 9.99514164881289e-07, 8.463566348351744e-07, 7.284771060155945e-07, 7.159640641302356e-07, 6.127822423281855e-07, 5.742029516474589e-07, 5.339686357590576e-07, 4.726275715412124e-07, 4.532132816171142e-07, 3.6436120646399644e-07, 3.4514602929346826e-07, 3.092260885494237e-07, 2.895354301233702e-07, 2.548308736271176e-07, 2.3181981092252923e-07, 2.1098067013388343e-07, 1.9885151763740768e-07, 1.778379540766345e-07, 1.6192725216435563e-07, 1.4425559705950286e-07, 1.304403577657956e-07, 1.1691502664128643e-07, 1.0961077438932117e-07, 1.0072078816792373e-07, 9.575252674084281e-08, 8.958401363524136e-08, 8.369664773768089e-08, 8.005129144531966e-08, 7.863798912047914e-08]
****************************************************************
****************************************************************
2023-03-14 19:33:46
N=64,m=64,k=[20.0]
gtol=1e-10,maxiter=50
q_method=G,maxq=0.1
noise_level=0.0
total_iter=40,t_avg=4.11
relative_model_error:
[1.0, 0.7205610147105981, 0.5512405140345495, 0.17498233424826107, 0.07867470953048247, 0.026631487237399748, 0.02192247149519658, 0.021035053257114446, 0.020831504935350263, 0.020545121457919455, 0.020216414728958368, 0.0194080882904709, 0.019149013900711474, 0.01899007708152848, 0.018765855655626523, 0.018486705167949695, 0.01850851127966811, 0.01844745903749194, 0.018305987649306504, 0.01807345038426598, 0.017492428045086165, 0.017433678958450945, 0.01740497591172795, 0.01717755059382738, 0.016810135574248177, 0.01671109379708915, 0.01655251990058032, 0.016353280192467935, 0.01619642457839292, 0.016000859479641125, 0.015874101405752922, 0.01573764437200589, 0.015556916634029383, 0.015452561403012547, 0.015412056971049276, 0.015308751438045255, 0.015173918338728987, 0.015141530039485032, 0.015061163849284824, 0.014995038433475279, 0.014955238092841442]
J(q0)=1.25557
relative_data_error(J):
[1.0, 0.35635926312352156, 0.18278152552227275, 0.015014137005503476, 0.002640282899400272, 0.00015104932421131437, 4.814753458588529e-05, 5.4268738501238475e-06, 3.488120933122008e-06, 2.4803316422023464e-06, 1.9672499342927914e-06, 1.2169213982494007e-06, 9.995221293914318e-07, 8.463805283656028e-07, 7.284850705257372e-07, 7.159855683076213e-07, 6.127782600731142e-07, 5.741989693923875e-07, 5.339614676999291e-07, 4.726204034820838e-07, 4.5319894549885703e-07, 3.6437315322921064e-07, 3.451579760586825e-07, 3.092260885494237e-07, 2.895306514172846e-07, 2.5481813041088906e-07, 2.3180627125528642e-07, 2.1096633401562636e-07, 1.9883558861712211e-07, 1.7782361795837744e-07, 1.619153053991414e-07, 1.4425241125544573e-07, 1.3044354356985273e-07, 1.1692219470041494e-07, 1.0961873889946398e-07, 1.0072477042299512e-07, 9.576049125098559e-08, 8.958719943929848e-08, 8.370939095390938e-08, 8.006403466154814e-08, 7.864834298366479e-08]
****************************************************************
****************************************************************
2023-03-14 19:39:10
N=64,m=128,k=[20.0]
gtol=1e-10,maxiter=50
q_method=G,maxq=0.1
noise_level=0.0
total_iter=40,t_avg=7.75
relative_model_error:
[1.0, 0.7205610147105973, 0.5512405140345482, 0.17498233424827336, 0.07867470953048147, 0.02663148723739499, 0.021922471495194995, 0.021035053257113173, 0.02083150493534936, 0.020545121457917273, 0.020216414728957827, 0.01940808829046951, 0.019149013900488884, 0.018990077081595343, 0.018765855655640457, 0.018486705169407733, 0.018508511280073376, 0.018447459037139832, 0.0183059876493799, 0.018073450382614088, 0.01749242804312554, 0.017433678963588148, 0.017404975916368196, 0.017177550597791004, 0.01681013558626055, 0.01671109379974856, 0.01655251989696793, 0.016353280188864963, 0.016196424573598378, 0.01600085947925813, 0.015874101408466672, 0.01573764437567389, 0.015556916635865559, 0.015452561374183927, 0.015412056953746396, 0.015308751420568865, 0.015173918358587592, 0.015141530045665005, 0.01506116379956805, 0.014995038394186437, 0.014955238070243269]
J(q0)=1.25557
relative_data_error(J):
[1.0, 0.35635926312352156, 0.18278152552227275, 0.015014137005503476, 0.002640282899400272, 0.00015104932421131437, 4.814753458588529e-05, 5.4268738501238475e-06, 3.488120933122008e-06, 2.4803316422023464e-06, 1.9672499342927914e-06, 1.2169213982494007e-06, 9.995221293914318e-07, 8.463805283656028e-07, 7.284850705257372e-07, 7.159855683076213e-07, 6.127782600731142e-07, 5.741989693923875e-07, 5.339614676999291e-07, 4.726204034820838e-07, 4.5319894549885703e-07, 3.6437315322921064e-07, 3.451579760586825e-07, 3.092260885494237e-07, 2.895306514172846e-07, 2.5481813041088906e-07, 2.3180627125528642e-07, 2.1096633401562636e-07, 1.9883558861712211e-07, 1.7782361795837744e-07, 1.619153053991414e-07, 1.4425241125544573e-07, 1.3044354356985273e-07, 1.1692219470041494e-07, 1.0961873889946398e-07, 1.0072477042299512e-07, 9.576049125098559e-08, 8.958719943929848e-08, 8.370939095390938e-08, 8.006403466154814e-08, 7.864834298366479e-08]
