
****************************************************************
****************************************************************
2023-03-14 16:19:18
N=64,m=64,k=[4.0]
gtol=1e-10,maxiter=50
q_method=MG,maxq=0.1
noise_level=0.0
total_iter=50,t_avg=4.21
relative_model_error:
[1.0, 0.8662366790120696, 0.8343049721883062, 0.817384781000006, 0.7813698098134136, 0.7551718682037935, 0.7269504545776319, 0.710233671626813, 0.7056123607129757, 0.697018083146375, 0.685142342749714, 0.6651586955447131, 0.6570007367431379, 0.6552214406855721, 0.6543128756775545, 0.6532726399725386, 0.6521329585457317, 0.6493581796424572, 0.6480201226606501, 0.6476355283097149, 0.6461256361806751, 0.6449112717177402, 0.6387218343631491, 0.6363844819531677, 0.6329655849228841, 0.6286422516602166, 0.6232049754677553, 0.6162013314058237, 0.6053983901150384, 0.6050438944968191, 0.6052622709157071, 0.6040903198026281, 0.6000522178887292, 0.597408512213031, 0.5940759533771306, 0.5906644753520699, 0.5864895812214856, 0.5832411327361152, 0.5787375601254431, 0.5780328678591448, 0.5782179865683016, 0.577271180370026, 0.5761405067517716, 0.5751838202423962, 0.5729369579540845, 0.572226117983159, 0.5722653979508928, 0.5715950741604121, 0.5698742582557258, 0.5684296543850006, 0.5668380554686815]
J(q0)=0.0449319
relative_data_error(J):
[1.0, 0.17704281368025834, 0.06664774914926812, 0.045712289041861136, 0.022343591078943917, 0.012692274308453459, 0.007913041736494562, 0.00548523432127286, 0.004523512248536118, 0.003766054851898095, 0.0029722758218548515, 0.0015714937494296928, 0.0008441330101776244, 0.0006298665313507775, 0.0005758714855147456, 0.0005340237114388664, 0.0004886595047171386, 0.00043308874096132147, 0.0004185378316964117, 0.00040749222712593955, 0.00039181739476852747, 0.0003824721411736428, 0.0003453492952668372, 0.00033663610931209233, 0.00032016451563365893, 0.00030286500237025366, 0.0002812389415982854, 0.0002518233148386781, 0.0002308026146234635, 0.00020436126671696502, 0.00019935546905427992, 0.0001937845940189487, 0.0001840799075934915, 0.00017373736699316078, 0.0001620986426124869, 0.00015189208557839755, 0.00013972166767931024, 0.00012710568660573003, 0.00011625348583077948, 0.00010709295622931593, 0.00010403655309479456, 0.0001013186622421932, 9.872340141414008e-05, 9.64786710555307e-05, 9.38738401892642e-05, 9.137583765654245e-05, 9.027461558491851e-05, 8.617218501777134e-05, 8.280597971597018e-05, 8.152693298079984e-05, 7.969838800495863e-05]
****************************************************************
****************************************************************
2023-03-14 16:22:52
N=64,m=64,k=[10.0]
gtol=1e-10,maxiter=50
q_method=MG,maxq=0.1
noise_level=0.0
total_iter=50,t_avg=4.08
relative_model_error:
[1.0, 0.499504448210216, 0.3504355492249072, 0.3258838773316832, 0.301936067855906, 0.29748382191622125, 0.2870837778934408, 0.2802518373753459, 0.2764510193721643, 0.27264825804165954, 0.26902097668356006, 0.2646510403624329, 0.25935153115789994, 0.2559228252750952, 0.2554264577546878, 0.25569735911232444, 0.2552661493235232, 0.25392996423085373, 0.25195410511659744, 0.24866303722797237, 0.24712088664955287, 0.24736822659962576, 0.2468746467231746, 0.24564305800552302, 0.24324285688711467, 0.2414602882592057, 0.2403830882380961, 0.2389448106604513, 0.2383937388501583, 0.2383392570782062, 0.23738337782802474, 0.23622036227291116, 0.23313437927486566, 0.2286624576602619, 0.22767199576519026, 0.2280189001000864, 0.22772299382096586, 0.22674301178314582, 0.22465631657742732, 0.2239127176676745, 0.2218040910885351, 0.2204800683911355, 0.21958633071167558, 0.21878262714152857, 0.21675620537352058, 0.21554818292254657, 0.21357172349884873, 0.21246077798814691, 0.21198191192084131, 0.21138156099031336, 0.21036787533551674]
J(q0)=0.518555
relative_data_error(J):
[1.0, 0.4373615142077504, 0.031986770930759516, 0.014515528728871576, 0.0017824801612172287, 0.0013065287192293971, 0.000724384105832554, 0.0004744954729970785, 0.000320662224836324, 0.0002457656372033825, 0.0002038877264706733, 0.00015735110065470394, 0.00011400160060167196, 9.454811929303545e-05, 8.789810145500478e-05, 7.875384481877525e-05, 7.459035203594605e-05, 6.736026072451331e-05, 5.789337678741888e-05, 5.0070291483063516e-05, 4.2247399022283074e-05, 3.992517669292553e-05, 3.766485715112187e-05, 3.524679156502203e-05, 3.28140698672272e-05, 2.9672455187974274e-05, 2.779300170666564e-05, 2.668164418431989e-05, 2.5962530493390288e-05, 2.539923441100751e-05, 2.3928609308559362e-05, 2.2861412964873544e-05, 2.0268438256308397e-05, 1.9016844886270503e-05, 1.7343984726788863e-05, 1.674807879588472e-05, 1.6284964950680258e-05, 1.5600215984803925e-05, 1.451826710763564e-05, 1.4271948009372197e-05, 1.3244708854412744e-05, 1.2513831705412156e-05, 1.200134990502454e-05, 1.1433387008128358e-05, 1.0163724195119128e-05, 9.565909112823134e-06, 8.334602886868317e-06, 7.623627194800938e-06, 7.2694699694342935e-06, 6.883859956995883e-06, 6.353212291849467e-06]
****************************************************************
****************************************************************
2023-03-14 16:26:24
N=64,m=64,k=[15.0]
gtol=1e-10,maxiter=50
q_method=MG,maxq=0.1
noise_level=0.0
total_iter=50,t_avg=4.03
relative_model_error:
[1.0, 0.504878540019549, 0.3248203614727009, 0.24312188319368302, 0.12191992255051091, 0.09617505059391479, 0.09242438278974104, 0.09017387583331009, 0.08669334380579181, 0.08281403393517336, 0.08078851357238538, 0.08015927675577499, 0.07987708421005187, 0.07892549965344645, 0.07772809778937743, 0.07718580097509148, 0.07689963178309, 0.07654244354310251, 0.07604458593129364, 0.07499391901610689, 0.07439218927525336, 0.07410230440123575, 0.07373739852139358, 0.07329365455422406, 0.07191597920879315, 0.07097754241928245, 0.0708738695101279, 0.07055669740484605, 0.07015994761775685, 0.06936658148218786, 0.0681176214031098, 0.06672785924423448, 0.06491320474081773, 0.06531071369463763, 0.06535118536511851, 0.06478092602704195, 0.06368362981416122, 0.06263112174111192, 0.06184516366789829, 0.06099012049728401, 0.06044040013289108, 0.06054404256821223, 0.06054990993687754, 0.06047288829312852, 0.060297488419750786, 0.05945450574011744, 0.05933684194241261, 0.059234729903874135, 0.05896721140730696, 0.05869456987227632, 0.05848745112234055]
J(q0)=1.0861
relative_data_error(J):
[1.0, 0.6118423717889696, 0.078709695239849, 0.039231102108461466, 0.004766264616517815, 0.0004971070803793388, 0.0002424887211122364, 0.00017353558604180091, 0.0001091225485682718, 5.4168584844857744e-05, 3.2650676733265814e-05, 2.475867783813645e-05, 2.1422520946505845e-05, 1.6213147960592948e-05, 1.2559248687966116e-05, 1.1173188472516343e-05, 1.0244820918884081e-05, 9.436700119694318e-06, 8.57561918792008e-06, 7.358475278519473e-06, 6.789816775619187e-06, 6.3586410091151825e-06, 6.0055888039775335e-06, 5.692238283767609e-06, 5.138670472332197e-06, 4.744747260841543e-06, 4.551698738606022e-06, 4.369597642942639e-06, 4.209538716508608e-06, 3.940871006353006e-06, 3.5716324463677377e-06, 3.1472976705644045e-06, 3.0735291409630787e-06, 2.7138845410183223e-06, 2.613866126507688e-06, 2.368640088389651e-06, 2.138928275481079e-06, 1.9049074670840621e-06, 1.7016296841911426e-06, 1.4971273363410365e-06, 1.4597366724979283e-06, 1.2992265905533561e-06, 1.2524261117760796e-06, 1.2118589448485406e-06, 1.1364883528220238e-06, 1.024629407973483e-06, 9.181106712089125e-07, 8.575075959856366e-07, 8.0800754994936e-07, 7.682211582727189e-07, 7.279394162600128e-07]
****************************************************************
****************************************************************
2023-03-14 16:29:53
N=64,m=64,k=[20.0]
gtol=1e-10,maxiter=50
q_method=MG,maxq=0.1
noise_level=0.0
total_iter=50,t_avg=3.97
relative_model_error:
[1.0, 0.5379457300857594, 0.37176487726251073, 0.28307705692998425, 0.12236364424943973, 0.04561161336679432, 0.02666928183311504, 0.021780409970379118, 0.02054141423119815, 0.020326034338607968, 0.02012652455159998, 0.019809925336549246, 0.019363097342032475, 0.01913006511565805, 0.019045773785647226, 0.018791046694532156, 0.018574581297182383, 0.018482696977296823, 0.018243287322959528, 0.01808158401286131, 0.01778056690349739, 0.017674299451145216, 0.017592636028381327, 0.017412975600292126, 0.017201251081604422, 0.0171766876414615, 0.017077807911356626, 0.016927584811085816, 0.016615600697925482, 0.01649226573972712, 0.016293503226469334, 0.016137195319114932, 0.01610309948566881, 0.016071401263514532, 0.01597223478506891, 0.015811833548522763, 0.01564721488210051, 0.01546282262592082, 0.01540493954581235, 0.015251789756761147, 0.015121227455852933, 0.015029713005683126, 0.014820819770381745, 0.014714842532150094, 0.014682508021215708, 0.014588234060464006, 0.014461123724610012, 0.01428385175756362, 0.013977638691295789, 0.01390644419341794, 0.013861489952526973]
J(q0)=1.8444
relative_data_error(J):
[1.0, 0.7091574495770983, 0.10186890045543266, 0.054977770548687924, 0.010011168943829972, 0.0009934829754933855, 0.0001716991975710258, 4.1787410540013014e-05, 8.855074821080025e-06, 4.3317013662979824e-06, 3.212405118195619e-06, 2.3177130774235526e-06, 1.737518976360876e-06, 1.2810073736716546e-06, 1.127450661461722e-06, 9.516916070266753e-07, 8.148612014747343e-07, 7.218390804597701e-07, 5.862014747343309e-07, 5.222896334851442e-07, 4.5716655823031876e-07, 4.031961613532856e-07, 3.6666341357623077e-07, 3.304651919323357e-07, 3.109547820429408e-07, 2.936429191064845e-07, 2.7472782476686183e-07, 2.556273042723921e-07, 2.2269301669919756e-07, 2.1390696161353286e-07, 1.9652949468661895e-07, 1.9023964432877898e-07, 1.8049392756451961e-07, 1.735659292995012e-07, 1.6497126436781607e-07, 1.5414443721535456e-07, 1.468076339188896e-07, 1.3756397744523964e-07, 1.332948384298417e-07, 1.2723324658425503e-07, 1.216108219475168e-07, 1.1619279982650183e-07, 1.1006180871828237e-07, 1.0706625460854478e-07, 1.0469800477119931e-07, 1.011261114725656e-07, 9.732270657124267e-08, 9.299067447408372e-08, 8.880069399262633e-08, 8.181359791802212e-08, 7.877575363261765e-08]
****************************************************************
****************************************************************
2023-03-14 16:33:24
N=64,m=64,k=[40.0]
gtol=1e-10,maxiter=50
q_method=MG,maxq=0.1
noise_level=0.0
total_iter=50,t_avg=4.01
relative_model_error:
[1.0, 0.5644987226931075, 0.40554031044294364, 0.318441519232034, 0.1623355260843664, 0.0765821552127091, 0.03906415299371949, 0.02117951883403124, 0.013464711279734096, 0.011492146712628567, 0.009744332924960665, 0.008721547839562176, 0.008419545315742334, 0.008210120811726411, 0.008033661399767786, 0.007651054509959351, 0.007442216389479042, 0.0074569590463574725, 0.007373498471039265, 0.007181450817714156, 0.0068802704244218995, 0.006580261226772354, 0.006232991346981884, 0.006076942775003781, 0.0058710806096243405, 0.005744322656043321, 0.005747142613328422, 0.005705806848762052, 0.005604543408149318, 0.005389252725249011, 0.005342345847004771, 0.00521866707404862, 0.005111163147564737, 0.00490619298608397, 0.00466182050224345, 0.004656203666899108, 0.004671132880439783, 0.004621342733284955, 0.0045447053304677855, 0.004492958449025848, 0.00445192521856744, 0.004428788602375617, 0.004422118063239349, 0.004415663617180565, 0.004401387310409558, 0.004355802565729443, 0.0043058169265431535, 0.004294485861988416, 0.004279809324763157, 0.004252083310437705, 0.004189660246645909]
J(q0)=7.24239
relative_data_error(J):
[1.0, 0.761943225924039, 0.11513243556339826, 0.06363341383162188, 0.014686312115199539, 0.002587129386846055, 0.0006255117440513422, 0.00021427318882302665, 4.300044598537223e-05, 1.7578313236376392e-05, 6.22380181128053e-06, 2.059444465155839e-06, 1.399330883865685e-06, 9.627305350857935e-07, 7.767808692986708e-07, 6.088653055137876e-07, 4.965833102056089e-07, 4.4315343415640417e-07, 3.942552113321707e-07, 3.401529053254519e-07, 2.7598348059135175e-07, 2.3964464769226734e-07, 1.783043995145249e-07, 1.4770676530813723e-07, 1.2232370805769917e-07, 1.1411605837299566e-07, 1.0403651280861704e-07, 9.841723519445928e-08, 9.176473512196939e-08, 8.637010710552731e-08, 7.689616273081123e-08, 6.644491666425033e-08, 5.990991923936711e-08, 4.5579152738253525e-08, 4.3701043440079865e-08, 3.222430716931841e-08, 2.9549499543658928e-08, 2.4263813464892112e-08, 2.1294765954332753e-08, 1.8387852628759288e-08, 1.6989419238676734e-08, 1.6302629380632636e-08, 1.5705865052834767e-08, 1.5105786901837654e-08, 1.4574884810124834e-08, 1.3608021661357646e-08, 1.3060067187765364e-08, 1.2491097552051188e-08, 1.2147605969852493e-08, 1.1734123680166354e-08, 1.1409948925699942e-08]
****************************************************************
****************************************************************
2023-03-14 16:40:12
N=64,m=64,k=[10.0, 15.0]
gtol=1e-10,maxiter=50
q_method=MG,maxq=0.1
noise_level=0.0
total_iter=50,t_avg=7.85
relative_model_error:
[1.0, 0.49333584462711605, 0.30955801174223113, 0.23513812628887906, 0.12983116103183615, 0.10381743785823962, 0.0951137923733417, 0.0912802589199566, 0.08854214130704459, 0.08570234376774002, 0.08261008202947635, 0.08152845566058721, 0.08072605534089647, 0.0800473671153174, 0.07898683875618134, 0.078052026633982, 0.07789728922092395, 0.07751097687362522, 0.0770341015707188, 0.07596656396407077, 0.07531486764807371, 0.07529206767005935, 0.07482988407153113, 0.07416880313548085, 0.07353729827203472, 0.07282337137513714, 0.07231611170265854, 0.07143035096130064, 0.071074587179833, 0.07095740579106898, 0.07067723293440073, 0.07029960594317192, 0.06916372580916154, 0.06832546180288614, 0.0673527763801667, 0.06645685660331341, 0.06587276467903118, 0.06518883623771353, 0.06389226416579637, 0.06365880505122747, 0.06330004463945314, 0.06280977308192763, 0.062149472513738646, 0.06181451275521155, 0.061019335634267396, 0.060662836045152886, 0.06024398379649721, 0.06023940183988612, 0.06021778612189793, 0.06007861257955228, 0.059636152268299596]
J(q0)=1.60466
relative_data_error(J):
[1.0, 0.5673893535079082, 0.0686313611606197, 0.033999414206124665, 0.004487181085089676, 0.00096909002530131, 0.000356314110154176, 0.0001920288410005858, 0.00012106676803808907, 7.562972841598843e-05, 3.871337230316703e-05, 2.9900851270674162e-05, 2.220676031059539e-05, 1.8360275697032394e-05, 1.48701282514676e-05, 1.2523961462241223e-05, 1.0597073523363205e-05, 9.232173793825484e-06, 8.202796854162252e-06, 7.153976543317587e-06, 6.315605798112996e-06, 5.901231413508157e-06, 5.297707925666496e-06, 4.872521281766854e-06, 4.631311305821794e-06, 4.301933119788616e-06, 4.0755050914212355e-06, 3.8140478356785863e-06, 3.696159934191667e-06, 3.5730497426246056e-06, 3.4460446449715204e-06, 3.3291538394426236e-06, 3.030878815450002e-06, 2.9023344509117195e-06, 2.626550172622238e-06, 2.39261899717074e-06, 2.246027195792255e-06, 2.0885670484713274e-06, 1.9620854261962034e-06, 1.7511123851781685e-06, 1.607898246357484e-06, 1.5211010432116462e-06, 1.4195717472860293e-06, 1.3204105542607155e-06, 1.114179950893024e-06, 1.0371480562860668e-06, 9.79154462627597e-07, 9.269128662769684e-07, 8.825234005957648e-07, 8.268418231899593e-07, 7.203831341218701e-07]
****************************************************************
****************************************************************
2023-03-14 16:50:39
N=64,m=64,k=[10.0, 15.0, 20.0]
gtol=1e-10,maxiter=50
q_method=MG,maxq=0.1
noise_level=0.0
total_iter=50,t_avg=12.12
relative_model_error:
[1.0, 0.5161053056150061, 0.3403730506614222, 0.25474143189427795, 0.1104388104749162, 0.0512896201631828, 0.03264874146887792, 0.024717936841538286, 0.021400822802222597, 0.020523967513652347, 0.020358301269531538, 0.020033011376787258, 0.019662500164632692, 0.01927080100420637, 0.019197510751121222, 0.019102990612157946, 0.018949917148255106, 0.018788807541290385, 0.0187431981421436, 0.01862140868116827, 0.0185339013650221, 0.01826627318138014, 0.018029659190297618, 0.018073269621842275, 0.018046417867202052, 0.01792776296174499, 0.01772077931123417, 0.01729169865352649, 0.017119078253810475, 0.01712983216056563, 0.017127783463011005, 0.017079318312435213, 0.0169705271490978, 0.016794571838942455, 0.016462557481676642, 0.016272557057837065, 0.016281056517364313, 0.016259226728440945, 0.016146276671656478, 0.015932482347489216, 0.01575371065841898, 0.015636718579306475, 0.015599393912027462, 0.015590661046937885, 0.015503828474790022, 0.01534409451806311, 0.01524223772317665, 0.015161173275040726, 0.015036301494419103, 0.014897763829914795, 0.014837220277049893]
J(q0)=3.44905
relative_data_error(J):
[1.0, 0.6440005218828373, 0.08719154549803569, 0.045260868934924106, 0.007276090517678781, 0.0009951145967730243, 0.0002514617068468129, 6.989431872544613e-05, 3.2283962250474765e-05, 8.693727258230527e-06, 5.083341789768196e-06, 3.1003609689624677e-06, 1.9579246459169914e-06, 1.717545411055218e-06, 1.1198938838230816e-06, 9.504443252489815e-07, 8.262681028109189e-07, 7.365738391731056e-07, 6.623447036140386e-07, 5.705310157869558e-07, 5.231353561125527e-07, 4.3142314550383437e-07, 4.1547092677693856e-07, 3.6350299357794175e-07, 3.485481509401139e-07, 3.197837085574288e-07, 2.818555834215219e-07, 2.4798828662965164e-07, 2.217636740551746e-07, 2.062672330061901e-07, 2.0108435656195183e-07, 1.959159768631942e-07, 1.8623968918977687e-07, 1.709520012757136e-07, 1.5694321624795235e-07, 1.405575448311854e-07, 1.3304040242965453e-07, 1.2844319450283412e-07, 1.2187819834447165e-07, 1.144654325104014e-07, 1.053922094489787e-07, 1.0204607065713747e-07, 9.915425986865949e-08, 9.749351270639741e-08, 9.303083457763731e-08, 8.962960815296965e-08, 8.557660805149244e-08, 8.30237311723518e-08, 8.006030646119945e-08, 7.741725982516925e-08, 7.502181760194836e-08]
****************************************************************
****************************************************************
2023-03-14 17:01:27
N=64,m=64,k=[10.0, 20.0, 40.0]
gtol=1e-10,maxiter=50
q_method=MG,maxq=0.1
noise_level=0.0
total_iter=50,t_avg=12.55
relative_model_error:
[1.0, 0.5542306458171973, 0.39220279356154086, 0.30547439925817993, 0.15277303637496675, 0.07238377863712642, 0.0372761902261843, 0.019652039694297012, 0.013369752245620358, 0.011479272747078656, 0.010489536711804543, 0.009112280989861471, 0.00823453827149057, 0.007942110318609003, 0.007915575585483224, 0.007789647705346502, 0.007519104073770434, 0.007424243793079547, 0.007263440124854037, 0.007106604402052428, 0.00688812180196831, 0.00665955485156827, 0.006566878192883441, 0.00640665512980451, 0.006194030312561825, 0.005837643027207999, 0.005704325927774956, 0.005570160333987693, 0.005498417661544718, 0.005410955890769355, 0.005344580392008251, 0.00526648572816978, 0.005099346004069006, 0.004857859983826981, 0.004733345843207801, 0.004612499405543601, 0.004549953765918776, 0.004493081901481176, 0.004431227318391256, 0.004368732161680195, 0.0043419328479032, 0.004326082921004648, 0.0043237001593833, 0.004317305360036985, 0.004301346092259031, 0.00428454472521321, 0.004253335896644745, 0.0042342036638608775, 0.0042249498661249656, 0.004193542235644201, 0.004150872039192906]
J(q0)=9.60534
relative_data_error(J):
[1.0, 0.7352670493704544, 0.10881551303753953, 0.05939539880941227, 0.012994542619001513, 0.0022760672709138874, 0.0005538283912906779, 0.00016025773163677704, 5.666566722260742e-05, 1.4262379051652518e-05, 8.107334045437225e-06, 3.1599506108060726e-06, 1.6463654592133127e-06, 9.324604855215953e-07, 6.953142731022535e-07, 5.653750934376087e-07, 4.2117717852777723e-07, 3.9402665600593e-07, 3.383149373161179e-07, 2.902260617531498e-07, 2.4435157943393985e-07, 2.2664372109680654e-07, 1.9707579325666763e-07, 1.7005957103028106e-07, 1.4531916621379358e-07, 1.0802324540307788e-07, 9.78720170238638e-08, 8.51446174731972e-08, 7.967817901292406e-08, 7.554974628696121e-08, 7.077063383492932e-08, 6.551147590819274e-08, 5.5991354808887555e-08, 4.35298490214818e-08, 3.9245253161262384e-08, 3.097870559501278e-08, 2.6183872720799052e-08, 2.2322687171927284e-08, 1.9024938211453212e-08, 1.5937697155957e-08, 1.4096117368047358e-08, 1.3551940899541297e-08, 1.2821513866245234e-08, 1.2455675697060177e-08, 1.1937942852621564e-08, 1.1396056776751267e-08, 1.0790247924591946e-08, 1.0352231154753502e-08, 1.0051825338821947e-08, 9.57199849250521e-09, 9.424715835150031e-09]
