
****************************************************************
****************************************************************
2023-03-14 20:53:52
N=64,m=64,k=[20.0]
gtol=1e-10,maxiter=50
q_method=MG,maxq=0.01
noise_level=0.0
total_iter=28,t_avg=4.13
relative_model_error:
[1.0, 0.6131895872221347, 0.36901111226103284, 0.19538006438051916, 0.07875350040758246, 0.03342636481131222, 0.022546493937446253, 0.021700955707297652, 0.021474471405424057, 0.021079426931383018, 0.02072556498242098, 0.020158803507021462, 0.019901798029597264, 0.019944677624378054, 0.019880961487604553, 0.019610749367316573, 0.01941640340115927, 0.019343648427092675, 0.01923675914482124, 0.01912826634751428, 0.018881130450181614, 0.018735813678546685, 0.018626175757442735, 0.018528954410600092, 0.01844713481961297, 0.01825439919373917, 0.01805589394934091, 0.017861396307353308, 0.01766551378213575]
J(q0)=0.18548
relative_data_error(J):
[1.0, 0.3639907267629933, 0.10064912659046799, 0.02672352814319603, 0.003612254690532672, 0.0003938548630580117, 3.7169074832866076e-05, 7.724606426568903e-06, 5.099175113219754e-06, 3.0294209618287687e-06, 2.086586154841492e-06, 1.4117263316799655e-06, 1.2199158938969161e-06, 9.767468190640499e-07, 8.974444684062971e-07, 7.579092085400043e-07, 6.560869096398534e-07, 6.032995471209834e-07, 5.589982747466034e-07, 5.212702178132414e-07, 4.493293077420746e-07, 4.184413413845158e-07, 3.801035152037955e-07, 3.52708108690964e-07, 3.3561731723096825e-07, 3.046053482855294e-07, 2.854480267414277e-07, 2.5919991373733016e-07, 2.4932715117532884e-07]
****************************************************************
****************************************************************
2023-03-14 20:57:16
N=64,m=64,k=[20.0]
gtol=1e-10,maxiter=50
q_method=MG,maxq=0.1
noise_level=0.0
total_iter=50,t_avg=3.89
relative_model_error:
[1.0, 0.5379457300857594, 0.37176487726251073, 0.28307705692998425, 0.12236364424943973, 0.04561161336679432, 0.02666928183311504, 0.021780409970379118, 0.02054141423119815, 0.020326034338607968, 0.02012652455159998, 0.019809925336549246, 0.019363097342032475, 0.01913006511565805, 0.019045773785647226, 0.018791046694532156, 0.018574581297182383, 0.018482696977296823, 0.018243287322959528, 0.01808158401286131, 0.01778056690349739, 0.017674299451145216, 0.017592636028381327, 0.017412975600292126, 0.017201251081604422, 0.0171766876414615, 0.017077807911356626, 0.016927584811085816, 0.016615600697925482, 0.01649226573972712, 0.016293503226469334, 0.016137195319114932, 0.01610309948566881, 0.016071401263514532, 0.01597223478506891, 0.015811833548522763, 0.01564721488210051, 0.01546282262592082, 0.01540493954581235, 0.015251789756761147, 0.015121227455852933, 0.015029713005683126, 0.014820819770381745, 0.014714842532150094, 0.014682508021215708, 0.014588234060464006, 0.014461123724610012, 0.01428385175756362, 0.013977638691295789, 0.01390644419341794, 0.013861489952526973]
J(q0)=1.8444
relative_data_error(J):
[1.0, 0.7091574495770983, 0.10186890045543266, 0.054977770548687924, 0.010011168943829972, 0.0009934829754933855, 0.0001716991975710258, 4.1787410540013014e-05, 8.855074821080025e-06, 4.3317013662979824e-06, 3.212405118195619e-06, 2.3177130774235526e-06, 1.737518976360876e-06, 1.2810073736716546e-06, 1.127450661461722e-06, 9.516916070266753e-07, 8.148612014747343e-07, 7.218390804597701e-07, 5.862014747343309e-07, 5.222896334851442e-07, 4.5716655823031876e-07, 4.031961613532856e-07, 3.6666341357623077e-07, 3.304651919323357e-07, 3.109547820429408e-07, 2.936429191064845e-07, 2.7472782476686183e-07, 2.556273042723921e-07, 2.2269301669919756e-07, 2.1390696161353286e-07, 1.9652949468661895e-07, 1.9023964432877898e-07, 1.8049392756451961e-07, 1.735659292995012e-07, 1.6497126436781607e-07, 1.5414443721535456e-07, 1.468076339188896e-07, 1.3756397744523964e-07, 1.332948384298417e-07, 1.2723324658425503e-07, 1.216108219475168e-07, 1.1619279982650183e-07, 1.1006180871828237e-07, 1.0706625460854478e-07, 1.0469800477119931e-07, 1.011261114725656e-07, 9.732270657124267e-08, 9.299067447408372e-08, 8.880069399262633e-08, 8.181359791802212e-08, 7.877575363261765e-08]
****************************************************************
****************************************************************
2023-03-14 21:00:40
N=64,m=64,k=[20.0]
gtol=1e-10,maxiter=50
q_method=MG,maxq=0.2
noise_level=0.0
total_iter=50,t_avg=3.89
relative_model_error:
[1.0, 0.654685661647075, 0.37603888865753593, 0.16639663035966518, 0.06193960028363234, 0.027705975283091027, 0.020287003735203035, 0.019334033859709665, 0.019163212144485783, 0.019000214051296597, 0.018672466990761773, 0.018273990243114602, 0.01762572484389622, 0.017562769349678476, 0.017503300415679175, 0.017207218922171814, 0.016957092319355375, 0.016954942175171628, 0.016874329361276842, 0.016777834955089537, 0.016513094947376673, 0.016349925224139902, 0.016186650240249123, 0.01607629828270422, 0.015977576433869666, 0.01584418127561469, 0.015523107314848102, 0.015453212129258341, 0.01537921137158806, 0.01523877007825228, 0.015132893850041509, 0.015053100520932793, 0.014925204335952316, 0.014783929672622672, 0.0144442649508063, 0.014370432163309091, 0.01438960020818092, 0.014337018162139042, 0.014128565036708585, 0.014028211002236128, 0.013849996845889926, 0.013733632841971207, 0.013619759119496293, 0.013458009957580175, 0.013383966992398582, 0.013223070493817924, 0.013017471341785877, 0.012945369344140197, 0.012849997973245665, 0.012710728369481157, 0.0124276929468791]
J(q0)=3.65589
relative_data_error(J):
[1.0, 0.3781240682843302, 0.10383791634868665, 0.017947695362825467, 0.0019191168224426884, 0.00021802515940031017, 5.4396056774137074e-05, 9.204762725355522e-06, 4.052173342195744e-06, 3.131740834653122e-06, 2.236765876435013e-06, 1.5941207202623713e-06, 1.4033983517009539e-06, 9.212558364721039e-07, 8.319998687050213e-07, 6.980242841004517e-07, 6.190913840405483e-07, 5.449151916496393e-07, 5.048866349917531e-07, 4.71945271876342e-07, 3.8862766658734266e-07, 3.564494555361348e-07, 3.13526938720804e-07, 2.9350171914362853e-07, 2.75916397922257e-07, 2.5476860627644707e-07, 2.342800248366335e-07, 2.1019259332200914e-07, 1.987532447639289e-07, 1.9075273052526198e-07, 1.7985634141070985e-07, 1.7201119289694166e-07, 1.6182817316713578e-07, 1.5034287136647984e-07, 1.4154309894444308e-07, 1.2936877203635777e-07, 1.2547095235359926e-07, 1.2054246708735768e-07, 1.1566349096936724e-07, 1.1004871590775435e-07, 1.04238366033989e-07, 1.0056238015914046e-07, 9.840339835170096e-08, 9.336030351022598e-08, 9.042804898396834e-08, 8.517624983246214e-08, 8.191548432802957e-08, 7.774003047137633e-08, 7.427493715620547e-08, 7.039927350111738e-08, 6.360831425453173e-08]
****************************************************************
****************************************************************
2023-03-14 21:04:44
N=64,m=64,k=[20.0]
gtol=1e-10,maxiter=50
q_method=MG,maxq=0.3
noise_level=0.0
total_iter=50,t_avg=4.66
relative_model_error:
[1.0, 0.7566650240093488, 0.3774055108696915, 0.15142051759790742, 0.06015217730707625, 0.03957443255188365, 0.02959243668581933, 0.01985131255063965, 0.01847122252819386, 0.018222754325099094, 0.01814408238099165, 0.017972334990600827, 0.01762278472977716, 0.017119000431433048, 0.016874189466648284, 0.016550538059935057, 0.016389108236342053, 0.01618825044388858, 0.016080527465873844, 0.01580457314852431, 0.015604316771567976, 0.015558728229458831, 0.015454766510004169, 0.015305921630239248, 0.015036312784508015, 0.014780391022486175, 0.014769391408842994, 0.014727673605602827, 0.014640551985565187, 0.014543618690861583, 0.014412486288215289, 0.014308582596525898, 0.014152867284558607, 0.013905970268403973, 0.013637792751068072, 0.013652978601667535, 0.013644917555539886, 0.013523599990582764, 0.013388217245704758, 0.013231300042357104, 0.013086837959366483, 0.012967972368491683, 0.012943591324757728, 0.01290817390115248, 0.012806832129245542, 0.012574701733358316, 0.01222404945674374, 0.012256468366458339, 0.012234207684241478, 0.01213716008187905, 0.011925587729896568]
J(q0)=5.42052
relative_data_error(J):
[1.0, 0.4807693726801119, 0.10536055581383336, 0.01427580748710456, 0.002383996369352018, 0.0006680927291108602, 0.0002991244382457772, 3.0925630751293236e-05, 5.106521145572749e-06, 3.5238685587360622e-06, 2.8417568794137832e-06, 2.439083335178175e-06, 1.9300177842716196e-06, 1.3593769601440453e-06, 1.196625047043457e-06, 9.012843786205014e-07, 7.941415214776443e-07, 6.779441824769579e-07, 5.914819980370887e-07, 4.5806121921882036e-07, 4.233246994753271e-07, 3.817788699239187e-07, 3.4455550389999485e-07, 3.1203463874314643e-07, 2.7318781223941617e-07, 2.4568307099687856e-07, 2.276792632441168e-07, 2.1505870285507666e-07, 2.07208902466922e-07, 1.9487798218621092e-07, 1.841087201965863e-07, 1.759325673551615e-07, 1.6239936389866656e-07, 1.4537406005327903e-07, 1.3782054120268906e-07, 1.2727155328271087e-07, 1.2287031502512675e-07, 1.1514651730830252e-07, 1.1009663279537755e-07, 1.0427689594356261e-07, 1.0072889685860398e-07, 9.8346837572779e-08, 9.559304273390746e-08, 9.244352940308312e-08, 8.817604215093754e-08, 8.17349626973058e-08, 7.880756827758222e-08, 7.321290208319498e-08, 7.104355301705372e-08, 6.795233667618606e-08, 6.417779106063625e-08]
****************************************************************
****************************************************************
2023-03-14 21:08:15
N=64,m=64,k=[20.0]
gtol=1e-10,maxiter=50
q_method=MG,maxq=0.4
noise_level=0.0
total_iter=50,t_avg=4.01
relative_model_error:
[1.0, 0.8143808443380219, 0.376828907865984, 0.17740052814324825, 0.07503832526305097, 0.037275522929977434, 0.0215856870084951, 0.0191785473580292, 0.01884173258211798, 0.01822324502444326, 0.017830795633803645, 0.017556345231256827, 0.0172835110825042, 0.01657063215483743, 0.01627424579596072, 0.016087322327171878, 0.015888669794162383, 0.015606734164162877, 0.015225444914295477, 0.015146130227680299, 0.01508313177641022, 0.015006189543716702, 0.014923170928286053, 0.014636077520167264, 0.014398686014987894, 0.014421284945470977, 0.014390263988614585, 0.014312021477778844, 0.014164145951454498, 0.014022549819704109, 0.013836592639376977, 0.013744261920353936, 0.01360486502125279, 0.01352744914956669, 0.01347478454528805, 0.01334763323017566, 0.013245329733376427, 0.0130915634705683, 0.01295306545671503, 0.012883653304135477, 0.012793009630097541, 0.012685616217991805, 0.012466182824984878, 0.012477240309384274, 0.012468989771055672, 0.012379232911596847, 0.01226433535186583, 0.012168649114674817, 0.011998701710088159, 0.01184708403847978, 0.011725102792257807]
J(q0)=7.12522
relative_data_error(J):
[1.0, 0.5733956284858572, 0.10736959700893448, 0.01856181282823548, 0.002637167694471188, 0.0005603560311120218, 0.00020217621350639, 1.9763038895641116e-05, 1.17314974134132e-05, 4.775333252867982e-06, 3.3040383314480117e-06, 2.6981061637395056e-06, 2.2782173743407226e-06, 1.481961258740081e-06, 1.2168929520772693e-06, 1.0080657158656153e-06, 8.46094576728859e-07, 6.759735138002757e-07, 5.594311473891333e-07, 4.569051902958786e-07, 4.239518218384836e-07, 3.9905153805777224e-07, 3.7384670227726303e-07, 3.16704607015643e-07, 2.995598732390017e-07, 2.6451674474612717e-07, 2.509087438703647e-07, 2.3711548555693721e-07, 2.1568316487069873e-07, 2.023741021329868e-07, 1.816028136675078e-07, 1.702782510575112e-07, 1.5835861910228737e-07, 1.5270826725350236e-07, 1.4643196981987926e-07, 1.359228206286964e-07, 1.289296330499269e-07, 1.2263677472414886e-07, 1.1246235203965632e-07, 1.0737942126699246e-07, 1.0184710086144708e-07, 9.674522330538567e-08, 9.565922175034595e-08, 8.951709561248636e-08, 8.767715242476724e-08, 8.409466655064686e-08, 8.034404551719105e-08, 7.735410275051156e-08, 7.228029450318727e-08, 6.918930222505411e-08, 6.587880795259655e-08]
****************************************************************
****************************************************************
2023-03-14 21:12:10
N=64,m=64,k=[20.0]
gtol=1e-10,maxiter=50
q_method=MG,maxq=0.5
noise_level=0.0
total_iter=50,t_avg=4.48
relative_model_error:
[1.0, 0.8508443238306579, 0.37563575851724296, 0.2016359743061021, 0.09664110381987022, 0.049276155578237175, 0.028690418046369435, 0.023644241459970544, 0.01934969782526844, 0.01872898177092575, 0.018609408518122744, 0.018397051896856875, 0.01801238504728167, 0.01741028408627076, 0.016378253787027466, 0.015992000459100496, 0.016072252143604714, 0.015990615485060523, 0.01571510078853193, 0.01546101428792698, 0.015382164520534663, 0.015228874766427756, 0.01510877733509045, 0.014815000250133931, 0.01465447265941954, 0.014471782319192597, 0.014335952149735046, 0.014200582674306635, 0.014021959753236885, 0.013855579092639373, 0.013823486904239716, 0.013808252291535822, 0.013731665167869656, 0.01357384130295535, 0.01336141793766813, 0.013236076886950367, 0.013108159015237915, 0.01301223516934127, 0.012881133300973959, 0.012733493790434404, 0.012719623022831798, 0.012672566663326019, 0.012625553617782607, 0.012463883749717967, 0.012351678277460637, 0.01237530196665929, 0.012365026907606687, 0.012325747477883687, 0.012209280468042316, 0.011995186438571219, 0.011904014212360032]
J(q0)=8.75674
relative_data_error(J):
[1.0, 0.6429378969799263, 0.1114641978635885, 0.023911295756183233, 0.0045563303238419775, 0.0012851700518686177, 0.0002655874218030911, 0.00010994468261019511, 1.265539458748347e-05, 8.942574519741363e-06, 5.271767804000118e-06, 4.359076551319326e-06, 3.5037468281575105e-06, 2.518859758311883e-06, 1.6655627550892225e-06, 1.371423611983455e-06, 1.0309567259048457e-06, 9.347930850978788e-07, 7.961124802152398e-07, 6.765268810082291e-07, 6.043253539559242e-07, 5.311577139437735e-07, 4.863887702501158e-07, 3.9314516589507055e-07, 3.6255387278827506e-07, 3.0795364484956725e-07, 2.719927735664185e-07, 2.4341250282639425e-07, 2.207362557298721e-07, 2.0329711742040987e-07, 1.9410191463946629e-07, 1.8703421592967246e-07, 1.7587252790422007e-07, 1.5918595276324293e-07, 1.3966156354990557e-07, 1.328633715286739e-07, 1.2225782654275448e-07, 1.148966396170264e-07, 1.0735387826976705e-07, 1.0228703832704865e-07, 9.712575684558408e-08, 9.365186130911731e-08, 9.138572117020718e-08, 8.704871904384509e-08, 8.385346601589175e-08, 8.173007306372006e-08, 7.952171698600164e-08, 7.75963429312735e-08, 7.319390549451051e-08, 7.029853575645731e-08, 6.450334256812467e-08]
